#
# A fatal error has been detected by the Java Runtime Environment:
#
#  EXCEPTION_ACCESS_VIOLATION (0xc0000005) at pc=0x00007ffae3632080, pid=14324, tid=8124
#
# JRE version: OpenJDK Runtime Environment (11.0.11+9) (build 11.0.11+9-b60-7590822)
# Java VM: OpenJDK 64-Bit Server VM (11.0.11+9-b60-7590822, mixed mode, tiered, compressed oops, g1 gc, windows-amd64)
# Problematic frame:
# V  [jvm.dll+0x192080]
#
# No core dump will be written. Minidumps are not enabled by default on client versions of Windows
#
# If you would like to submit a bug report, please visit:
#   https://bugreport.java.com/bugreport/crash.jsp
#

---------------  S U M M A R Y ------------

Command Line: --add-opens=java.base/java.util=ALL-UNNAMED --add-opens=java.base/java.lang=ALL-UNNAMED --add-opens=java.base/java.lang.invoke=ALL-UNNAMED --add-opens=java.base/java.util=ALL-UNNAMED --add-opens=java.prefs/java.util.prefs=ALL-UNNAMED --add-opens=java.prefs/java.util.prefs=ALL-UNNAMED --add-opens=java.base/java.nio.charset=ALL-UNNAMED --add-opens=java.base/java.net=ALL-UNNAMED --add-opens=java.base/java.util.concurrent.atomic=ALL-UNNAMED -Xmx2048m -Dfile.encoding=UTF-8 -Duser.country=CO -Duser.language=es -Duser.variant org.gradle.launcher.daemon.bootstrap.GradleDaemon 7.0.2

Host: AMD Ryzen 5 3400G with Radeon Vega Graphics    , 8 cores, 23G,  Windows 10 , 64 bit Build 19041 (10.0.19041.1503)
Time: Sat Feb 19 23:40:20 2022 Hora est. Pacífico, Sudamérica elapsed time: 10.015418 seconds (0d 0h 0m 10s)

---------------  T H R E A D  ---------------

Current thread (0x0000023573aff800):  JavaThread "C2 CompilerThread0" daemon [_thread_in_native, id=8124, stack(0x000000e245000000,0x000000e245100000)]


Current CompileTask:
C2:  10015 5098       4       org.objectweb.asm.ClassReader::accept (1404 bytes)

Stack: [0x000000e245000000,0x000000e245100000],  sp=0x000000e2450fa930,  free space=1002k
Native frames: (J=compiled Java code, j=interpreted, Vv=VM code, C=native code)
V  [jvm.dll+0x192080]
V  [jvm.dll+0x519991]
V  [jvm.dll+0x518d87]
V  [jvm.dll+0x508984]
V  [jvm.dll+0x203d53]
V  [jvm.dll+0x1fdbac]
V  [jvm.dll+0x1fb35f]
V  [jvm.dll+0x183d6c]
V  [jvm.dll+0x209a57]
V  [jvm.dll+0x2082a1]
V  [jvm.dll+0x6ef58f]
V  [jvm.dll+0x6e80b5]
V  [jvm.dll+0x5f1036]
C  [ucrtbase.dll+0x21bb2]
C  [KERNEL32.DLL+0x17034]
C  [ntdll.dll+0x52651]


siginfo: EXCEPTION_ACCESS_VIOLATION (0xc0000005), reading address 0x0000000400000000


Register to memory mapping:

RIP=0x00007ffae3632080 jvm.dll
RAX=0x000000007bbc0040 is an unknown value
RBX=0x000002357b895ec8 points into unknown readable memory: 0x000002357b8970d8 | d8 70 89 7b 35 02 00 00
RCX=0x0 is NULL
RDX=0x000000e2450fc4a0 is pointing into the stack for thread: 0x0000023573aff800
RSP=0x000000e2450fa930 is pointing into the stack for thread: 0x0000023573aff800
RBP=0x00000007dde00200 is an unknown value
RSI=0x0000000400000000 is an unknown value
RDI=0x000000e2450fc4a0 is pointing into the stack for thread: 0x0000023573aff800
R8 =0x000000e2450fae70 is pointing into the stack for thread: 0x0000023573aff800
R9 =0x0000000000020000 is an unknown value
R10=0x0000000000000002 is an unknown value
R11=0x000000e2450fa928 is pointing into the stack for thread: 0x0000023573aff800
R12=0x000000e2450fae70 is pointing into the stack for thread: 0x0000023573aff800
R13=0x000002357b896080 points into unknown readable memory: 0x00007ffae3c88298 | 98 82 c8 e3 fa 7f 00 00
R14=0x000002357b895670 points into unknown readable memory: 0x00007ffae3c9fa40 | 40 fa c9 e3 fa 7f 00 00
R15=0x0000000000000030 is an unknown value


Registers:
RAX=0x000000007bbc0040, RBX=0x000002357b895ec8, RCX=0x0000000000000000, RDX=0x000000e2450fc4a0
RSP=0x000000e2450fa930, RBP=0x00000007dde00200, RSI=0x0000000400000000, RDI=0x000000e2450fc4a0
R8 =0x000000e2450fae70, R9 =0x0000000000020000, R10=0x0000000000000002, R11=0x000000e2450fa928
R12=0x000000e2450fae70, R13=0x000002357b896080, R14=0x000002357b895670, R15=0x0000000000000030
RIP=0x00007ffae3632080, EFLAGS=0x0000000000010287

Top of Stack: (sp=0x000000e2450fa930)
0x000000e2450fa930:   0000000000000020 000000e2450fae70
0x000000e2450fa940:   0000000000000000 0000000000000000
0x000000e2450fa950:   000000e2450fae70 000000e2450fae70
0x000000e2450fa960:   0000000000000000 0000000000000000
0x000000e2450fa970:   000002357b896080 00007ffae39b9991
0x000000e2450fa980:   000002357b895670 000002357b895670
0x000000e2450fa990:   0000000000000030 0000023500000000
0x000000e2450fa9a0:   000000e2450faa38 00007ffae39b8d87
0x000000e2450fa9b0:   000002357b895670 000002357b896080
0x000000e2450fa9c0:   000000e2450faaa0 0000000000000001
0x000000e2450fa9d0:   0000000000000000 0000000000000001
0x000000e2450fa9e0:   0000000000000002 00007ffae39a8984
0x000000e2450fa9f0:   000000e2450faaf0 00000235796a0ec0
0x000000e2450faa00:   00000235796a0ec0 000000e2450fae70
0x000000e2450faa10:   0000023573aedb60 0000000000002000
0x000000e2450faa20:   0000023575a734a0 0000000000000000 

Instructions: (pc=0x00007ffae3632080)
0x00007ffae3631f80:   24 30 48 83 c4 20 5f c3 cc cc cc cc cc cc cc cc
0x00007ffae3631f90:   48 89 5c 24 08 57 48 83 ec 20 48 8b da 48 8b f9
0x00007ffae3631fa0:   e8 3b e7 43 00 85 c0 74 19 0f b6 47 40 38 43 40
0x00007ffae3631fb0:   75 10 b8 01 00 00 00 48 8b 5c 24 30 48 83 c4 20
0x00007ffae3631fc0:   5f c3 33 c0 48 8b 5c 24 30 48 83 c4 20 5f c3 cc
0x00007ffae3631fd0:   48 89 5c 24 18 57 41 54 41 55 41 56 41 57 48 83
0x00007ffae3631fe0:   ec 20 48 8b 41 08 4d 8b e0 48 8b fa 4c 8b f1 48
0x00007ffae3631ff0:   8b 58 08 4c 8b 28 48 8b 01 ff 10 44 8b f8 4d 85
0x00007ffae3632000:   ed 75 15 33 c0 48 8b 5c 24 60 48 83 c4 20 41 5f
0x00007ffae3632010:   41 5e 41 5d 41 5c 5f c3 41 8b 46 2c 83 e0 3f 3c
0x00007ffae3632020:   34 75 07 41 80 7e 48 00 75 d9 49 8b 46 38 33 c9
0x00007ffae3632030:   83 78 10 10 48 0f 44 c8 48 85 c9 74 1b 8b 4b 28
0x00007ffae3632040:   48 8b 47 50 48 8b 14 c8 48 85 d2 74 b6 8b 42 10
0x00007ffae3632050:   83 e8 11 83 f8 02 76 ab 8b 43 20 48 89 6c 24 50
0x00007ffae3632060:   48 89 74 24 58 48 8b 73 10 48 8d 2c c6 48 3b f5
0x00007ffae3632070:   0f 83 d9 00 00 00 66 66 0f 1f 84 00 00 00 00 00
0x00007ffae3632080:   48 8b 1e 49 3b de 0f 84 b6 00 00 00 83 7b 20 00
0x00007ffae3632090:   0f 86 ac 00 00 00 48 8b 03 48 8b cb ff 10 41 3b
0x00007ffae36320a0:   c7 0f 85 9b 00 00 00 48 8b 43 08 48 83 38 00 0f
0x00007ffae36320b0:   84 8d 00 00 00 48 8b 03 48 8b cb 49 8b 7e 38 ff
0x00007ffae36320c0:   50 28 48 8b c8 48 8b d7 e8 b3 ec f1 ff 84 c0 74
0x00007ffae36320d0:   71 48 8b 43 08 4d 8b c5 4d 8b 0c 24 49 8b cc 48
0x00007ffae36320e0:   8b 10 41 ff 51 20 84 c0 0f 85 80 00 00 00 41 8b
0x00007ffae36320f0:   46 2c 83 e0 7f 3c 54 75 49 48 8b 53 08 48 8b 4a
0x00007ffae3632100:   08 8b 41 2c 24 0f 3c 08 75 38 48 8b 41 08 48 8b
0x00007ffae3632110:   08 8b 41 2c 83 e0 3f 3c 27 75 27 48 8b 12 8b 42
0x00007ffae3632120:   2c 24 0f 3c 08 75 1b 48 8b 42 08 48 8b 38 8b 47
0x00007ffae3632130:   2c 83 e0 3f 3c 31 75 0a e8 03 45 1a 00 48 3b c7
0x00007ffae3632140:   74 2c 48 83 c6 08 48 3b f5 0f 82 31 ff ff ff 33
0x00007ffae3632150:   c0 48 8b 6c 24 50 48 8b 74 24 58 48 8b 5c 24 60
0x00007ffae3632160:   48 83 c4 20 41 5f 41 5e 41 5d 41 5c 5f c3 48 8b
0x00007ffae3632170:   c3 eb de cc cc cc cc cc cc cc cc cc cc cc cc cc 


Stack slot to memory mapping:
stack at sp + 0 slots: 0x0000000000000020 is an unknown value
stack at sp + 1 slots: 0x000000e2450fae70 is pointing into the stack for thread: 0x0000023573aff800
stack at sp + 2 slots: 0x0 is NULL
stack at sp + 3 slots: 0x0 is NULL
stack at sp + 4 slots: 0x000000e2450fae70 is pointing into the stack for thread: 0x0000023573aff800
stack at sp + 5 slots: 0x000000e2450fae70 is pointing into the stack for thread: 0x0000023573aff800
stack at sp + 6 slots: 0x0 is NULL
stack at sp + 7 slots: 0x0 is NULL


---------------  P R O C E S S  ---------------

Threads class SMR info:
_java_thread_list=0x00000235796323f0, length=41, elements={
0x0000023556d9e000, 0x0000023573abb000, 0x0000023573abe800, 0x0000023573af4800,
0x0000023573af5800, 0x0000023573af8800, 0x0000023573aff800, 0x0000023573b03000,
0x0000023573b15000, 0x0000023573ca4800, 0x0000023576807000, 0x0000023573fcd000,
0x00000235759cc800, 0x00000235761dd800, 0x0000023575e68000, 0x000002357556e000,
0x0000023575a48800, 0x000002357565f800, 0x00000235760a2800, 0x0000023575633800,
0x0000023576242000, 0x0000023576244800, 0x0000023576243800, 0x0000023576242800,
0x00000235773c7000, 0x00000235773c8000, 0x00000235773c6800, 0x00000235773ca800,
0x00000235773c9800, 0x00000235773c9000, 0x00000235773cb800, 0x00000235773c5800,
0x00000235773d2000, 0x00000235773d1000, 0x00000235773d0000, 0x00000235773cc000,
0x00000235773d2800, 0x00000235773ce800, 0x00000235773cd000, 0x00000235775cf800,
0x00000235773d3800
}

Java Threads: ( => current thread )
  0x0000023556d9e000 JavaThread "main" [_thread_blocked, id=5512, stack(0x000000e244400000,0x000000e244500000)]
  0x0000023573abb000 JavaThread "Reference Handler" daemon [_thread_blocked, id=9800, stack(0x000000e244b00000,0x000000e244c00000)]
  0x0000023573abe800 JavaThread "Finalizer" daemon [_thread_blocked, id=14052, stack(0x000000e244c00000,0x000000e244d00000)]
  0x0000023573af4800 JavaThread "Signal Dispatcher" daemon [_thread_blocked, id=4624, stack(0x000000e244d00000,0x000000e244e00000)]
  0x0000023573af5800 JavaThread "Attach Listener" daemon [_thread_blocked, id=6612, stack(0x000000e244e00000,0x000000e244f00000)]
  0x0000023573af8800 JavaThread "Service Thread" daemon [_thread_blocked, id=10352, stack(0x000000e244f00000,0x000000e245000000)]
=>0x0000023573aff800 JavaThread "C2 CompilerThread0" daemon [_thread_in_native, id=8124, stack(0x000000e245000000,0x000000e245100000)]
  0x0000023573b03000 JavaThread "C1 CompilerThread0" daemon [_thread_blocked, id=4176, stack(0x000000e245100000,0x000000e245200000)]
  0x0000023573b15000 JavaThread "Sweeper thread" daemon [_thread_blocked, id=7100, stack(0x000000e245200000,0x000000e245300000)]
  0x0000023573ca4800 JavaThread "Common-Cleaner" daemon [_thread_blocked, id=7072, stack(0x000000e245300000,0x000000e245400000)]
  0x0000023576807000 JavaThread "Daemon health stats" [_thread_blocked, id=8648, stack(0x000000e245e00000,0x000000e245f00000)]
  0x0000023573fcd000 JavaThread "Incoming local TCP Connector on port 61872" [_thread_in_native, id=12488, stack(0x000000e245500000,0x000000e245600000)]
  0x00000235759cc800 JavaThread "Daemon periodic checks" [_thread_blocked, id=8460, stack(0x000000e245d00000,0x000000e245e00000)]
  0x00000235761dd800 JavaThread "Daemon" [_thread_blocked, id=3284, stack(0x000000e245f00000,0x000000e246000000)]
  0x0000023575e68000 JavaThread "Handler for socket connection from /127.0.0.1:61872 to /127.0.0.1:61873" [_thread_in_native, id=10076, stack(0x000000e246000000,0x000000e246100000)]
  0x000002357556e000 JavaThread "Cancel handler" [_thread_blocked, id=7780, stack(0x000000e246100000,0x000000e246200000)]
  0x0000023575a48800 JavaThread "Daemon worker" [_thread_blocked, id=11152, stack(0x000000e246200000,0x000000e246300000)]
  0x000002357565f800 JavaThread "C2 CompilerThread1" daemon [_thread_in_native, id=11292, stack(0x000000e246300000,0x000000e246400000)]
  0x00000235760a2800 JavaThread "Asynchronous log dispatcher for DefaultDaemonConnection: socket connection from /127.0.0.1:61872 to /127.0.0.1:61873" [_thread_blocked, id=12724, stack(0x000000e246400000,0x000000e246500000)]
  0x0000023575633800 JavaThread "Stdin handler" [_thread_blocked, id=2124, stack(0x000000e246500000,0x000000e246600000)]
  0x0000023576242000 JavaThread "Daemon client event forwarder" [_thread_blocked, id=5704, stack(0x000000e246600000,0x000000e246700000)]
  0x0000023576244800 JavaThread "Cache worker for file hash cache (C:\Users\danie\.gradle\caches\7.0.2\fileHashes)" [_thread_blocked, id=8008, stack(0x000000e246700000,0x000000e246800000)]
  0x0000023576243800 JavaThread "File lock request listener" [_thread_in_native, id=7968, stack(0x000000e246800000,0x000000e246900000)]
  0x0000023576242800 JavaThread "Cache worker for journal cache (C:\Users\danie\.gradle\caches\journal-1)" [_thread_blocked, id=14476, stack(0x000000e246a00000,0x000000e246b00000)]
  0x00000235773c7000 JavaThread "Cache worker for file hash cache (C:\Users\danie\AndroidStudioProjects\RollDice\.gradle\7.0.2\fileHashes)" [_thread_blocked, id=10656, stack(0x000000e246b00000,0x000000e246c00000)]
  0x00000235773c8000 JavaThread "File watcher server" daemon [_thread_in_native, id=9684, stack(0x000000e246c00000,0x000000e246d00000)]
  0x00000235773c6800 JavaThread "File watcher consumer" daemon [_thread_blocked, id=6600, stack(0x000000e246d00000,0x000000e246e00000)]
  0x00000235773ca800 JavaThread "jar transforms" [_thread_blocked, id=11176, stack(0x000000e246e00000,0x000000e246f00000)]
  0x00000235773c9800 JavaThread "jar transforms Thread 2" [_thread_blocked, id=1712, stack(0x000000e246f00000,0x000000e247000000)]
  0x00000235773c9000 JavaThread "jar transforms Thread 3" [_thread_blocked, id=5416, stack(0x000000e247100000,0x000000e247200000)]
  0x00000235773cb800 JavaThread "jar transforms Thread 4" [_thread_blocked, id=15328, stack(0x000000e247200000,0x000000e247300000)]
  0x00000235773c5800 JavaThread "jar transforms Thread 5" [_thread_blocked, id=1400, stack(0x000000e247300000,0x000000e247400000)]
  0x00000235773d2000 JavaThread "jar transforms Thread 6" [_thread_blocked, id=4428, stack(0x000000e247400000,0x000000e247500000)]
  0x00000235773d1000 JavaThread "jar transforms Thread 7" [_thread_in_Java, id=9688, stack(0x000000e247500000,0x000000e247600000)]
  0x00000235773d0000 JavaThread "jar transforms Thread 8" [_thread_blocked, id=10916, stack(0x000000e247600000,0x000000e247700000)]
  0x00000235773cc000 JavaThread "Cache worker for checksums cache (C:\Users\danie\AndroidStudioProjects\RollDice\.gradle\checksums)" [_thread_blocked, id=11300, stack(0x000000e247000000,0x000000e247100000)]
  0x00000235773d2800 JavaThread "Cache worker for cache directory md-supplier (C:\Users\danie\.gradle\caches\7.0.2\md-supplier)" [_thread_blocked, id=10308, stack(0x000000e247700000,0x000000e247800000)]
  0x00000235773ce800 JavaThread "Cache worker for cache directory md-rule (C:\Users\danie\.gradle\caches\7.0.2\md-rule)" [_thread_blocked, id=13972, stack(0x000000e247800000,0x000000e247900000)]
  0x00000235773cd000 JavaThread "Cache worker for execution history cache (C:\Users\danie\.gradle\caches\7.0.2\executionHistory)" [_thread_blocked, id=5096, stack(0x000000e247900000,0x000000e247a00000)]
  0x00000235775cf800 JavaThread "C2 CompilerThread2" daemon [_thread_in_native, id=10272, stack(0x000000e247a00000,0x000000e247b00000)]
  0x00000235773d3800 JavaThread "Cache worker for file content cache (C:\Users\danie\.gradle\caches\7.0.2\fileContent)" [_thread_blocked, id=8384, stack(0x000000e247b00000,0x000000e247c00000)]

Other Threads:
  0x0000023573ab3000 VMThread "VM Thread" [stack: 0x000000e244a00000,0x000000e244b00000] [id=14960]
  0x0000023573ce0000 WatcherThread [stack: 0x000000e245400000,0x000000e245500000] [id=15240]
  0x0000023556dd8800 GCTaskThread "GC Thread#0" [stack: 0x000000e244500000,0x000000e244600000] [id=8420]
  0x0000023574b2a800 GCTaskThread "GC Thread#1" [stack: 0x000000e245600000,0x000000e245700000] [id=12988]
  0x0000023574b2b800 GCTaskThread "GC Thread#2" [stack: 0x000000e245700000,0x000000e245800000] [id=1280]
  0x0000023574b2d000 GCTaskThread "GC Thread#3" [stack: 0x000000e245800000,0x000000e245900000] [id=10816]
  0x0000023574b2e000 GCTaskThread "GC Thread#4" [stack: 0x000000e245900000,0x000000e245a00000] [id=8804]
  0x0000023574bea000 GCTaskThread "GC Thread#5" [stack: 0x000000e245a00000,0x000000e245b00000] [id=10072]
  0x000002357497b800 GCTaskThread "GC Thread#6" [stack: 0x000000e245b00000,0x000000e245c00000] [id=14016]
  0x000002357497c800 GCTaskThread "GC Thread#7" [stack: 0x000000e245c00000,0x000000e245d00000] [id=1224]
  0x0000023556e08800 ConcurrentGCThread "G1 Main Marker" [stack: 0x000000e244600000,0x000000e244700000] [id=6972]
  0x0000023556e0a000 ConcurrentGCThread "G1 Conc#0" [stack: 0x000000e244700000,0x000000e244800000] [id=5700]
  0x0000023574961800 ConcurrentGCThread "G1 Conc#1" [stack: 0x000000e246900000,0x000000e246a00000] [id=13796]
  0x00000235730f6800 ConcurrentGCThread "G1 Refine#0" [stack: 0x000000e244800000,0x000000e244900000] [id=1928]
  0x00000235730f7800 ConcurrentGCThread "G1 Young RemSet Sampling" [stack: 0x000000e244900000,0x000000e244a00000] [id=3224]

Threads with active compile tasks:
C2 CompilerThread0  10055 5098       4       org.objectweb.asm.ClassReader::accept (1404 bytes)
C2 CompilerThread1  10055 5090       4       org.objectweb.asm.ClassWriter::toByteArray (1535 bytes)
C2 CompilerThread2  10055 5040 %     4       org.objectweb.asm.ClassReader::readCode @ 2035 (5109 bytes)

VM state:not at safepoint (normal execution)

VM Mutex/Monitor currently owned by a thread: None

Heap address: 0x0000000080000000, size: 2048 MB, Compressed Oops mode: 32-bit
Narrow klass base: 0x0000000000000000, Narrow klass shift: 3
Compressed class space size: 1073741824 Address: 0x0000000100000000

Heap:
 garbage-first heap   total 393216K, used 183369K [0x0000000080000000, 0x0000000100000000)
  region size 1024K, 144 young (147456K), 18 survivors (18432K)
 Metaspace       used 47482K, capacity 48751K, committed 48844K, reserved 1091584K
  class space    used 6108K, capacity 6575K, committed 6604K, reserved 1048576K
Heap Regions: E=young(eden), S=young(survivor), O=old, HS=humongous(starts), HC=humongous(continues), CS=collection set, F=free, A=archive, TAMS=top-at-mark-start (previous, next)
|   0|0x0000000080000000, 0x0000000080100000, 0x0000000080100000|100%| O|  |TAMS 0x0000000080100000, 0x0000000080000000| Untracked 
|   1|0x0000000080100000, 0x0000000080200000, 0x0000000080200000|100%| O|  |TAMS 0x0000000080200000, 0x0000000080100000| Untracked 
|   2|0x0000000080200000, 0x0000000080300000, 0x0000000080300000|100%| O|  |TAMS 0x0000000080300000, 0x0000000080200000| Untracked 
|   3|0x0000000080300000, 0x0000000080400000, 0x0000000080400000|100%|HS|  |TAMS 0x0000000080400000, 0x0000000080300000| Complete 
|   4|0x0000000080400000, 0x0000000080500000, 0x0000000080500000|100%|HC|  |TAMS 0x0000000080500000, 0x0000000080400000| Complete 
|   5|0x0000000080500000, 0x0000000080600000, 0x0000000080600000|100%|HC|  |TAMS 0x0000000080600000, 0x0000000080500000| Complete 
|   6|0x0000000080600000, 0x0000000080700000, 0x0000000080700000|100%| O|  |TAMS 0x0000000080700000, 0x0000000080600000| Untracked 
|   7|0x0000000080700000, 0x0000000080800000, 0x0000000080800000|100%| O|  |TAMS 0x0000000080800000, 0x0000000080700000| Untracked 
|   8|0x0000000080800000, 0x0000000080900000, 0x0000000080900000|100%| O|  |TAMS 0x0000000080900000, 0x0000000080800000| Untracked 
|   9|0x0000000080900000, 0x0000000080a00000, 0x0000000080a00000|100%| O|  |TAMS 0x0000000080a00000, 0x0000000080900000| Untracked 
|  10|0x0000000080a00000, 0x0000000080b00000, 0x0000000080b00000|100%| O|  |TAMS 0x0000000080b00000, 0x0000000080a00000| Untracked 
|  11|0x0000000080b00000, 0x0000000080c00000, 0x0000000080c00000|100%| O|  |TAMS 0x0000000080c00000, 0x0000000080b00000| Untracked 
|  12|0x0000000080c00000, 0x0000000080d00000, 0x0000000080d00000|100%| O|  |TAMS 0x0000000080d00000, 0x0000000080c00000| Untracked 
|  13|0x0000000080d00000, 0x0000000080e00000, 0x0000000080e00000|100%| O|  |TAMS 0x0000000080e00000, 0x0000000080d00000| Untracked 
|  14|0x0000000080e00000, 0x0000000080f00000, 0x0000000080f00000|100%| O|  |TAMS 0x0000000080f00000, 0x0000000080e00000| Untracked 
|  15|0x0000000080f00000, 0x0000000081000000, 0x0000000081000000|100%| O|  |TAMS 0x0000000081000000, 0x0000000080f00000| Untracked 
|  16|0x0000000081000000, 0x0000000081100000, 0x0000000081100000|100%| O|  |TAMS 0x000000008107fc00, 0x0000000081000000| Untracked 
|  17|0x0000000081100000, 0x0000000081200000, 0x0000000081200000|100%|HS|  |TAMS 0x0000000081200000, 0x0000000081100000| Complete 
|  18|0x0000000081200000, 0x0000000081300000, 0x0000000081300000|100%|HC|  |TAMS 0x0000000081300000, 0x0000000081200000| Complete 
|  19|0x0000000081300000, 0x0000000081400000, 0x0000000081400000|100%|HS|  |TAMS 0x0000000081400000, 0x0000000081300000| Complete 
|  20|0x0000000081400000, 0x0000000081500000, 0x0000000081500000|100%|HC|  |TAMS 0x0000000081500000, 0x0000000081400000| Complete 
|  21|0x0000000081500000, 0x0000000081600000, 0x0000000081600000|100%|HC|  |TAMS 0x0000000081600000, 0x0000000081500000| Complete 
|  22|0x0000000081600000, 0x0000000081700000, 0x0000000081700000|100%|HS|  |TAMS 0x0000000081700000, 0x0000000081600000| Complete 
|  23|0x0000000081700000, 0x0000000081800000, 0x0000000081800000|100%|HC|  |TAMS 0x0000000081800000, 0x0000000081700000| Complete 
|  24|0x0000000081800000, 0x0000000081900000, 0x0000000081900000|100%|HC|  |TAMS 0x0000000081900000, 0x0000000081800000| Complete 
|  25|0x0000000081900000, 0x0000000081a00000, 0x0000000081a00000|100%|HC|  |TAMS 0x0000000081a00000, 0x0000000081900000| Complete 
|  26|0x0000000081a00000, 0x0000000081a00000, 0x0000000081b00000|  0%| F|  |TAMS 0x0000000081a00000, 0x0000000081a00000| Untracked 
|  27|0x0000000081b00000, 0x0000000081b00000, 0x0000000081c00000|  0%| F|  |TAMS 0x0000000081b00000, 0x0000000081b00000| Untracked 
|  28|0x0000000081c00000, 0x0000000081c00000, 0x0000000081d00000|  0%| F|  |TAMS 0x0000000081c00000, 0x0000000081c00000| Untracked 
|  29|0x0000000081d00000, 0x0000000081d00000, 0x0000000081e00000|  0%| F|  |TAMS 0x0000000081d00000, 0x0000000081d00000| Untracked 
|  30|0x0000000081e00000, 0x0000000081e00000, 0x0000000081f00000|  0%| F|  |TAMS 0x0000000081e00000, 0x0000000081e00000| Untracked 
|  31|0x0000000081f00000, 0x0000000081f00000, 0x0000000082000000|  0%| F|  |TAMS 0x0000000081f00000, 0x0000000081f00000| Untracked 
|  32|0x0000000082000000, 0x0000000082000000, 0x0000000082100000|  0%| F|  |TAMS 0x0000000082000000, 0x0000000082000000| Untracked 
|  33|0x0000000082100000, 0x0000000082200000, 0x0000000082200000|100%|HS|  |TAMS 0x0000000082100000, 0x0000000082100000| Complete 
|  34|0x0000000082200000, 0x0000000082300000, 0x0000000082300000|100%|HC|  |TAMS 0x0000000082200000, 0x0000000082200000| Complete 
|  35|0x0000000082300000, 0x0000000082400000, 0x0000000082400000|100%|HC|  |TAMS 0x0000000082300000, 0x0000000082300000| Complete 
|  36|0x0000000082400000, 0x0000000082500000, 0x0000000082500000|100%|HC|  |TAMS 0x0000000082400000, 0x0000000082400000| Complete 
|  37|0x0000000082500000, 0x0000000082500000, 0x0000000082600000|  0%| F|  |TAMS 0x0000000082500000, 0x0000000082500000| Untracked 
|  38|0x0000000082600000, 0x0000000082700000, 0x0000000082700000|100%| O|  |TAMS 0x0000000082600000, 0x0000000082600000| Untracked 
|  39|0x0000000082700000, 0x0000000082800000, 0x0000000082800000|100%| O|  |TAMS 0x0000000082700000, 0x0000000082700000| Untracked 
|  40|0x0000000082800000, 0x0000000082900000, 0x0000000082900000|100%| O|  |TAMS 0x0000000082800000, 0x0000000082800000| Untracked 
|  41|0x0000000082900000, 0x0000000082a00000, 0x0000000082a00000|100%| O|  |TAMS 0x0000000082900000, 0x0000000082900000| Untracked 
|  42|0x0000000082a00000, 0x0000000082b00000, 0x0000000082b00000|100%| O|  |TAMS 0x0000000082a00000, 0x0000000082a00000| Untracked 
|  43|0x0000000082b00000, 0x0000000082c00000, 0x0000000082c00000|100%| O|  |TAMS 0x0000000082b00000, 0x0000000082b00000| Untracked 
|  44|0x0000000082c00000, 0x0000000082c1c600, 0x0000000082d00000| 11%| O|  |TAMS 0x0000000082c00000, 0x0000000082c00000| Untracked 
|  45|0x0000000082d00000, 0x0000000082d00000, 0x0000000082e00000|  0%| F|  |TAMS 0x0000000082d00000, 0x0000000082d00000| Untracked 
|  46|0x0000000082e00000, 0x0000000082e00000, 0x0000000082f00000|  0%| F|  |TAMS 0x0000000082e00000, 0x0000000082e00000| Untracked 
|  47|0x0000000082f00000, 0x0000000082f00000, 0x0000000083000000|  0%| F|  |TAMS 0x0000000082f00000, 0x0000000082f00000| Untracked 
|  48|0x0000000083000000, 0x0000000083000000, 0x0000000083100000|  0%| F|  |TAMS 0x0000000083000000, 0x0000000083000000| Untracked 
|  49|0x0000000083100000, 0x0000000083100000, 0x0000000083200000|  0%| F|  |TAMS 0x0000000083100000, 0x0000000083100000| Untracked 
|  50|0x0000000083200000, 0x0000000083200000, 0x0000000083300000|  0%| F|  |TAMS 0x0000000083200000, 0x0000000083200000| Untracked 
|  51|0x0000000083300000, 0x0000000083300000, 0x0000000083400000|  0%| F|  |TAMS 0x0000000083300000, 0x0000000083300000| Untracked 
|  52|0x0000000083400000, 0x0000000083400000, 0x0000000083500000|  0%| F|  |TAMS 0x0000000083400000, 0x0000000083400000| Untracked 
|  53|0x0000000083500000, 0x0000000083500000, 0x0000000083600000|  0%| F|  |TAMS 0x0000000083500000, 0x0000000083500000| Untracked 
|  54|0x0000000083600000, 0x0000000083600000, 0x0000000083700000|  0%| F|  |TAMS 0x0000000083600000, 0x0000000083600000| Untracked 
|  55|0x0000000083700000, 0x0000000083700000, 0x0000000083800000|  0%| F|  |TAMS 0x0000000083700000, 0x0000000083700000| Untracked 
|  56|0x0000000083800000, 0x0000000083800000, 0x0000000083900000|  0%| F|  |TAMS 0x0000000083800000, 0x0000000083800000| Untracked 
|  57|0x0000000083900000, 0x0000000083900000, 0x0000000083a00000|  0%| F|  |TAMS 0x0000000083900000, 0x0000000083900000| Untracked 
|  58|0x0000000083a00000, 0x0000000083a00000, 0x0000000083b00000|  0%| F|  |TAMS 0x0000000083a00000, 0x0000000083a00000| Untracked 
|  59|0x0000000083b00000, 0x0000000083b00000, 0x0000000083c00000|  0%| F|  |TAMS 0x0000000083b00000, 0x0000000083b00000| Untracked 
|  60|0x0000000083c00000, 0x0000000083c00000, 0x0000000083d00000|  0%| F|  |TAMS 0x0000000083c00000, 0x0000000083c00000| Untracked 
|  61|0x0000000083d00000, 0x0000000083d00000, 0x0000000083e00000|  0%| F|  |TAMS 0x0000000083d00000, 0x0000000083d00000| Untracked 
|  62|0x0000000083e00000, 0x0000000083e00000, 0x0000000083f00000|  0%| F|  |TAMS 0x0000000083e00000, 0x0000000083e00000| Untracked 
|  63|0x0000000083f00000, 0x0000000083f00000, 0x0000000084000000|  0%| F|  |TAMS 0x0000000083f00000, 0x0000000083f00000| Untracked 
|  64|0x0000000084000000, 0x0000000084000000, 0x0000000084100000|  0%| F|  |TAMS 0x0000000084000000, 0x0000000084000000| Untracked 
|  65|0x0000000084100000, 0x0000000084100000, 0x0000000084200000|  0%| F|  |TAMS 0x0000000084100000, 0x0000000084100000| Untracked 
|  66|0x0000000084200000, 0x0000000084200000, 0x0000000084300000|  0%| F|  |TAMS 0x0000000084200000, 0x0000000084200000| Untracked 
|  67|0x0000000084300000, 0x0000000084300000, 0x0000000084400000|  0%| F|  |TAMS 0x0000000084300000, 0x0000000084300000| Untracked 
|  68|0x0000000084400000, 0x0000000084400000, 0x0000000084500000|  0%| F|  |TAMS 0x0000000084400000, 0x0000000084400000| Untracked 
|  69|0x0000000084500000, 0x0000000084500000, 0x0000000084600000|  0%| F|  |TAMS 0x0000000084500000, 0x0000000084500000| Untracked 
|  70|0x0000000084600000, 0x0000000084600000, 0x0000000084700000|  0%| F|  |TAMS 0x0000000084600000, 0x0000000084600000| Untracked 
|  71|0x0000000084700000, 0x0000000084700000, 0x0000000084800000|  0%| F|  |TAMS 0x0000000084700000, 0x0000000084700000| Untracked 
|  72|0x0000000084800000, 0x0000000084800000, 0x0000000084900000|  0%| F|  |TAMS 0x0000000084800000, 0x0000000084800000| Untracked 
|  73|0x0000000084900000, 0x0000000084900000, 0x0000000084a00000|  0%| F|  |TAMS 0x0000000084900000, 0x0000000084900000| Untracked 
|  74|0x0000000084a00000, 0x0000000084a00000, 0x0000000084b00000|  0%| F|  |TAMS 0x0000000084a00000, 0x0000000084a00000| Untracked 
|  75|0x0000000084b00000, 0x0000000084b00000, 0x0000000084c00000|  0%| F|  |TAMS 0x0000000084b00000, 0x0000000084b00000| Untracked 
|  76|0x0000000084c00000, 0x0000000084c00000, 0x0000000084d00000|  0%| F|  |TAMS 0x0000000084c00000, 0x0000000084c00000| Untracked 
|  77|0x0000000084d00000, 0x0000000084d00000, 0x0000000084e00000|  0%| F|  |TAMS 0x0000000084d00000, 0x0000000084d00000| Untracked 
|  78|0x0000000084e00000, 0x0000000084e00000, 0x0000000084f00000|  0%| F|  |TAMS 0x0000000084e00000, 0x0000000084e00000| Untracked 
|  79|0x0000000084f00000, 0x0000000084f00000, 0x0000000085000000|  0%| F|  |TAMS 0x0000000084f00000, 0x0000000084f00000| Untracked 
|  80|0x0000000085000000, 0x0000000085000000, 0x0000000085100000|  0%| F|  |TAMS 0x0000000085000000, 0x0000000085000000| Untracked 
|  81|0x0000000085100000, 0x0000000085100000, 0x0000000085200000|  0%| F|  |TAMS 0x0000000085100000, 0x0000000085100000| Untracked 
|  82|0x0000000085200000, 0x0000000085200000, 0x0000000085300000|  0%| F|  |TAMS 0x0000000085200000, 0x0000000085200000| Untracked 
|  83|0x0000000085300000, 0x0000000085300000, 0x0000000085400000|  0%| F|  |TAMS 0x0000000085300000, 0x0000000085300000| Untracked 
|  84|0x0000000085400000, 0x0000000085400000, 0x0000000085500000|  0%| F|  |TAMS 0x0000000085400000, 0x0000000085400000| Untracked 
|  85|0x0000000085500000, 0x0000000085500000, 0x0000000085600000|  0%| F|  |TAMS 0x0000000085500000, 0x0000000085500000| Untracked 
|  86|0x0000000085600000, 0x0000000085600000, 0x0000000085700000|  0%| F|  |TAMS 0x0000000085600000, 0x0000000085600000| Untracked 
|  87|0x0000000085700000, 0x0000000085700000, 0x0000000085800000|  0%| F|  |TAMS 0x0000000085700000, 0x0000000085700000| Untracked 
|  88|0x0000000085800000, 0x0000000085800000, 0x0000000085900000|  0%| F|  |TAMS 0x0000000085800000, 0x0000000085800000| Untracked 
|  89|0x0000000085900000, 0x0000000085900000, 0x0000000085a00000|  0%| F|  |TAMS 0x0000000085900000, 0x0000000085900000| Untracked 
|  90|0x0000000085a00000, 0x0000000085a00000, 0x0000000085b00000|  0%| F|  |TAMS 0x0000000085a00000, 0x0000000085a00000| Untracked 
|  91|0x0000000085b00000, 0x0000000085b00000, 0x0000000085c00000|  0%| F|  |TAMS 0x0000000085b00000, 0x0000000085b00000| Untracked 
|  92|0x0000000085c00000, 0x0000000085c00000, 0x0000000085d00000|  0%| F|  |TAMS 0x0000000085c00000, 0x0000000085c00000| Untracked 
|  93|0x0000000085d00000, 0x0000000085d00000, 0x0000000085e00000|  0%| F|  |TAMS 0x0000000085d00000, 0x0000000085d00000| Untracked 
|  94|0x0000000085e00000, 0x0000000085e00000, 0x0000000085f00000|  0%| F|  |TAMS 0x0000000085e00000, 0x0000000085e00000| Untracked 
|  95|0x0000000085f00000, 0x0000000085f00000, 0x0000000086000000|  0%| F|  |TAMS 0x0000000085f00000, 0x0000000085f00000| Untracked 
|  96|0x0000000086000000, 0x0000000086000000, 0x0000000086100000|  0%| F|  |TAMS 0x0000000086000000, 0x0000000086000000| Untracked 
|  97|0x0000000086100000, 0x0000000086100000, 0x0000000086200000|  0%| F|  |TAMS 0x0000000086100000, 0x0000000086100000| Untracked 
|  98|0x0000000086200000, 0x0000000086200000, 0x0000000086300000|  0%| F|  |TAMS 0x0000000086200000, 0x0000000086200000| Untracked 
|  99|0x0000000086300000, 0x0000000086300000, 0x0000000086400000|  0%| F|  |TAMS 0x0000000086300000, 0x0000000086300000| Untracked 
| 100|0x0000000086400000, 0x0000000086400000, 0x0000000086500000|  0%| F|  |TAMS 0x0000000086400000, 0x0000000086400000| Untracked 
| 101|0x0000000086500000, 0x0000000086500000, 0x0000000086600000|  0%| F|  |TAMS 0x0000000086500000, 0x0000000086500000| Untracked 
| 102|0x0000000086600000, 0x0000000086600000, 0x0000000086700000|  0%| F|  |TAMS 0x0000000086600000, 0x0000000086600000| Untracked 
| 103|0x0000000086700000, 0x0000000086700000, 0x0000000086800000|  0%| F|  |TAMS 0x0000000086700000, 0x0000000086700000| Untracked 
| 104|0x0000000086800000, 0x0000000086800000, 0x0000000086900000|  0%| F|  |TAMS 0x0000000086800000, 0x0000000086800000| Untracked 
| 105|0x0000000086900000, 0x0000000086900000, 0x0000000086a00000|  0%| F|  |TAMS 0x0000000086900000, 0x0000000086900000| Untracked 
| 106|0x0000000086a00000, 0x0000000086a00000, 0x0000000086b00000|  0%| F|  |TAMS 0x0000000086a00000, 0x0000000086a00000| Untracked 
| 107|0x0000000086b00000, 0x0000000086b00000, 0x0000000086c00000|  0%| F|  |TAMS 0x0000000086b00000, 0x0000000086b00000| Untracked 
| 108|0x0000000086c00000, 0x0000000086c00000, 0x0000000086d00000|  0%| F|  |TAMS 0x0000000086c00000, 0x0000000086c00000| Untracked 
| 109|0x0000000086d00000, 0x0000000086d00000, 0x0000000086e00000|  0%| F|  |TAMS 0x0000000086d00000, 0x0000000086d00000| Untracked 
| 110|0x0000000086e00000, 0x0000000086e00000, 0x0000000086f00000|  0%| F|  |TAMS 0x0000000086e00000, 0x0000000086e00000| Untracked 
| 111|0x0000000086f00000, 0x0000000086f00000, 0x0000000087000000|  0%| F|  |TAMS 0x0000000086f00000, 0x0000000086f00000| Untracked 
| 112|0x0000000087000000, 0x0000000087000000, 0x0000000087100000|  0%| F|  |TAMS 0x0000000087000000, 0x0000000087000000| Untracked 
| 113|0x0000000087100000, 0x0000000087100000, 0x0000000087200000|  0%| F|  |TAMS 0x0000000087100000, 0x0000000087100000| Untracked 
| 114|0x0000000087200000, 0x0000000087200000, 0x0000000087300000|  0%| F|  |TAMS 0x0000000087200000, 0x0000000087200000| Untracked 
| 115|0x0000000087300000, 0x0000000087300000, 0x0000000087400000|  0%| F|  |TAMS 0x0000000087300000, 0x0000000087300000| Untracked 
| 116|0x0000000087400000, 0x0000000087400000, 0x0000000087500000|  0%| F|  |TAMS 0x0000000087400000, 0x0000000087400000| Untracked 
| 117|0x0000000087500000, 0x0000000087500000, 0x0000000087600000|  0%| F|  |TAMS 0x0000000087500000, 0x0000000087500000| Untracked 
| 118|0x0000000087600000, 0x0000000087600000, 0x0000000087700000|  0%| F|  |TAMS 0x0000000087600000, 0x0000000087600000| Untracked 
| 119|0x0000000087700000, 0x0000000087700000, 0x0000000087800000|  0%| F|  |TAMS 0x0000000087700000, 0x0000000087700000| Untracked 
| 120|0x0000000087800000, 0x0000000087800000, 0x0000000087900000|  0%| F|  |TAMS 0x0000000087800000, 0x0000000087800000| Untracked 
| 121|0x0000000087900000, 0x0000000087900000, 0x0000000087a00000|  0%| F|  |TAMS 0x0000000087900000, 0x0000000087900000| Untracked 
| 122|0x0000000087a00000, 0x0000000087a00000, 0x0000000087b00000|  0%| F|  |TAMS 0x0000000087a00000, 0x0000000087a00000| Untracked 
| 123|0x0000000087b00000, 0x0000000087b00000, 0x0000000087c00000|  0%| F|  |TAMS 0x0000000087b00000, 0x0000000087b00000| Untracked 
| 124|0x0000000087c00000, 0x0000000087c00000, 0x0000000087d00000|  0%| F|  |TAMS 0x0000000087c00000, 0x0000000087c00000| Untracked 
| 125|0x0000000087d00000, 0x0000000087d00000, 0x0000000087e00000|  0%| F|  |TAMS 0x0000000087d00000, 0x0000000087d00000| Untracked 
| 126|0x0000000087e00000, 0x0000000087e00000, 0x0000000087f00000|  0%| F|  |TAMS 0x0000000087e00000, 0x0000000087e00000| Untracked 
| 127|0x0000000087f00000, 0x0000000087f00000, 0x0000000088000000|  0%| F|  |TAMS 0x0000000087f00000, 0x0000000087f00000| Untracked 
| 128|0x0000000088000000, 0x0000000088000000, 0x0000000088100000|  0%| F|  |TAMS 0x0000000088000000, 0x0000000088000000| Untracked 
| 129|0x0000000088100000, 0x0000000088100000, 0x0000000088200000|  0%| F|  |TAMS 0x0000000088100000, 0x0000000088100000| Untracked 
| 130|0x0000000088200000, 0x0000000088200000, 0x0000000088300000|  0%| F|  |TAMS 0x0000000088200000, 0x0000000088200000| Untracked 
| 131|0x0000000088300000, 0x0000000088300000, 0x0000000088400000|  0%| F|  |TAMS 0x0000000088300000, 0x0000000088300000| Untracked 
| 132|0x0000000088400000, 0x0000000088400000, 0x0000000088500000|  0%| F|  |TAMS 0x0000000088400000, 0x0000000088400000| Untracked 
| 133|0x0000000088500000, 0x0000000088500000, 0x0000000088600000|  0%| F|  |TAMS 0x0000000088500000, 0x0000000088500000| Untracked 
| 134|0x0000000088600000, 0x0000000088600000, 0x0000000088700000|  0%| F|  |TAMS 0x0000000088600000, 0x0000000088600000| Untracked 
| 135|0x0000000088700000, 0x0000000088700000, 0x0000000088800000|  0%| F|  |TAMS 0x0000000088700000, 0x0000000088700000| Untracked 
| 136|0x0000000088800000, 0x00000000888f5f80, 0x0000000088900000| 96%| S|CS|TAMS 0x0000000088800000, 0x0000000088800000| Complete 
| 137|0x0000000088900000, 0x0000000088a00000, 0x0000000088a00000|100%| S|CS|TAMS 0x0000000088900000, 0x0000000088900000| Complete 
| 138|0x0000000088a00000, 0x0000000088b00000, 0x0000000088b00000|100%| S|CS|TAMS 0x0000000088a00000, 0x0000000088a00000| Complete 
| 139|0x0000000088b00000, 0x0000000088c00000, 0x0000000088c00000|100%| S|CS|TAMS 0x0000000088b00000, 0x0000000088b00000| Complete 
| 140|0x0000000088c00000, 0x0000000088d00000, 0x0000000088d00000|100%| S|CS|TAMS 0x0000000088c00000, 0x0000000088c00000| Complete 
| 141|0x0000000088d00000, 0x0000000088e00000, 0x0000000088e00000|100%| S|CS|TAMS 0x0000000088d00000, 0x0000000088d00000| Complete 
| 142|0x0000000088e00000, 0x0000000088e00000, 0x0000000088f00000|  0%| F|  |TAMS 0x0000000088e00000, 0x0000000088e00000| Untracked 
| 143|0x0000000088f00000, 0x0000000088f00000, 0x0000000089000000|  0%| F|  |TAMS 0x0000000088f00000, 0x0000000088f00000| Untracked 
| 144|0x0000000089000000, 0x0000000089000000, 0x0000000089100000|  0%| F|  |TAMS 0x0000000089000000, 0x0000000089000000| Untracked 
| 145|0x0000000089100000, 0x0000000089100000, 0x0000000089200000|  0%| F|  |TAMS 0x0000000089100000, 0x0000000089100000| Untracked 
| 146|0x0000000089200000, 0x0000000089200000, 0x0000000089300000|  0%| F|  |TAMS 0x0000000089200000, 0x0000000089200000| Untracked 
| 147|0x0000000089300000, 0x0000000089300000, 0x0000000089400000|  0%| F|  |TAMS 0x0000000089300000, 0x0000000089300000| Untracked 
| 148|0x0000000089400000, 0x0000000089400000, 0x0000000089500000|  0%| F|  |TAMS 0x0000000089400000, 0x0000000089400000| Untracked 
| 149|0x0000000089500000, 0x0000000089500000, 0x0000000089600000|  0%| F|  |TAMS 0x0000000089500000, 0x0000000089500000| Untracked 
| 150|0x0000000089600000, 0x0000000089600000, 0x0000000089700000|  0%| F|  |TAMS 0x0000000089600000, 0x0000000089600000| Untracked 
| 151|0x0000000089700000, 0x0000000089700000, 0x0000000089800000|  0%| F|  |TAMS 0x0000000089700000, 0x0000000089700000| Untracked 
| 152|0x0000000089800000, 0x0000000089800000, 0x0000000089900000|  0%| F|  |TAMS 0x0000000089800000, 0x0000000089800000| Untracked 
| 153|0x0000000089900000, 0x0000000089900000, 0x0000000089a00000|  0%| F|  |TAMS 0x0000000089900000, 0x0000000089900000| Untracked 
| 154|0x0000000089a00000, 0x0000000089b00000, 0x0000000089b00000|100%| S|CS|TAMS 0x0000000089a00000, 0x0000000089a00000| Complete 
| 155|0x0000000089b00000, 0x0000000089c00000, 0x0000000089c00000|100%| S|CS|TAMS 0x0000000089b00000, 0x0000000089b00000| Complete 
| 156|0x0000000089c00000, 0x0000000089d00000, 0x0000000089d00000|100%| S|CS|TAMS 0x0000000089c00000, 0x0000000089c00000| Complete 
| 157|0x0000000089d00000, 0x0000000089e00000, 0x0000000089e00000|100%| S|CS|TAMS 0x0000000089d00000, 0x0000000089d00000| Complete 
| 158|0x0000000089e00000, 0x0000000089f00000, 0x0000000089f00000|100%| S|CS|TAMS 0x0000000089e00000, 0x0000000089e00000| Complete 
| 159|0x0000000089f00000, 0x000000008a000000, 0x000000008a000000|100%| S|CS|TAMS 0x0000000089f00000, 0x0000000089f00000| Complete 
| 160|0x000000008a000000, 0x000000008a100000, 0x000000008a100000|100%| S|CS|TAMS 0x000000008a000000, 0x000000008a000000| Complete 
| 161|0x000000008a100000, 0x000000008a200000, 0x000000008a200000|100%| S|CS|TAMS 0x000000008a100000, 0x000000008a100000| Complete 
| 162|0x000000008a200000, 0x000000008a300000, 0x000000008a300000|100%| S|CS|TAMS 0x000000008a200000, 0x000000008a200000| Complete 
| 163|0x000000008a300000, 0x000000008a400000, 0x000000008a400000|100%| S|CS|TAMS 0x000000008a300000, 0x000000008a300000| Complete 
| 164|0x000000008a400000, 0x000000008a500000, 0x000000008a500000|100%| S|CS|TAMS 0x000000008a400000, 0x000000008a400000| Complete 
| 165|0x000000008a500000, 0x000000008a600000, 0x000000008a600000|100%| S|CS|TAMS 0x000000008a500000, 0x000000008a500000| Complete 
| 166|0x000000008a600000, 0x000000008a600000, 0x000000008a700000|  0%| F|  |TAMS 0x000000008a600000, 0x000000008a600000| Untracked 
| 167|0x000000008a700000, 0x000000008a700000, 0x000000008a800000|  0%| F|  |TAMS 0x000000008a700000, 0x000000008a700000| Untracked 
| 168|0x000000008a800000, 0x000000008a800000, 0x000000008a900000|  0%| F|  |TAMS 0x000000008a800000, 0x000000008a800000| Untracked 
| 169|0x000000008a900000, 0x000000008a900000, 0x000000008aa00000|  0%| F|  |TAMS 0x000000008a900000, 0x000000008a900000| Untracked 
| 170|0x000000008aa00000, 0x000000008aa00000, 0x000000008ab00000|  0%| F|  |TAMS 0x000000008aa00000, 0x000000008aa00000| Untracked 
| 171|0x000000008ab00000, 0x000000008ab00000, 0x000000008ac00000|  0%| F|  |TAMS 0x000000008ab00000, 0x000000008ab00000| Untracked 
| 172|0x000000008ac00000, 0x000000008ac00000, 0x000000008ad00000|  0%| F|  |TAMS 0x000000008ac00000, 0x000000008ac00000| Untracked 
| 173|0x000000008ad00000, 0x000000008ad00000, 0x000000008ae00000|  0%| F|  |TAMS 0x000000008ad00000, 0x000000008ad00000| Untracked 
| 174|0x000000008ae00000, 0x000000008ae00000, 0x000000008af00000|  0%| F|  |TAMS 0x000000008ae00000, 0x000000008ae00000| Untracked 
| 175|0x000000008af00000, 0x000000008af00000, 0x000000008b000000|  0%| F|  |TAMS 0x000000008af00000, 0x000000008af00000| Untracked 
| 176|0x000000008b000000, 0x000000008b000000, 0x000000008b100000|  0%| F|  |TAMS 0x000000008b000000, 0x000000008b000000| Untracked 
| 177|0x000000008b100000, 0x000000008b100000, 0x000000008b200000|  0%| F|  |TAMS 0x000000008b100000, 0x000000008b100000| Untracked 
| 178|0x000000008b200000, 0x000000008b200000, 0x000000008b300000|  0%| F|  |TAMS 0x000000008b200000, 0x000000008b200000| Untracked 
| 179|0x000000008b300000, 0x000000008b300000, 0x000000008b400000|  0%| F|  |TAMS 0x000000008b300000, 0x000000008b300000| Untracked 
| 180|0x000000008b400000, 0x000000008b400000, 0x000000008b500000|  0%| F|  |TAMS 0x000000008b400000, 0x000000008b400000| Untracked 
| 181|0x000000008b500000, 0x000000008b500000, 0x000000008b600000|  0%| F|  |TAMS 0x000000008b500000, 0x000000008b500000| Untracked 
| 182|0x000000008b600000, 0x000000008b600000, 0x000000008b700000|  0%| F|  |TAMS 0x000000008b600000, 0x000000008b600000| Untracked 
| 183|0x000000008b700000, 0x000000008b700000, 0x000000008b800000|  0%| F|  |TAMS 0x000000008b700000, 0x000000008b700000| Untracked 
| 184|0x000000008b800000, 0x000000008b800000, 0x000000008b900000|  0%| F|  |TAMS 0x000000008b800000, 0x000000008b800000| Untracked 
| 185|0x000000008b900000, 0x000000008b900000, 0x000000008ba00000|  0%| F|  |TAMS 0x000000008b900000, 0x000000008b900000| Untracked 
| 186|0x000000008ba00000, 0x000000008ba00000, 0x000000008bb00000|  0%| F|  |TAMS 0x000000008ba00000, 0x000000008ba00000| Untracked 
| 187|0x000000008bb00000, 0x000000008bb00000, 0x000000008bc00000|  0%| F|  |TAMS 0x000000008bb00000, 0x000000008bb00000| Untracked 
| 188|0x000000008bc00000, 0x000000008bc00000, 0x000000008bd00000|  0%| F|  |TAMS 0x000000008bc00000, 0x000000008bc00000| Untracked 
| 189|0x000000008bd00000, 0x000000008bd00000, 0x000000008be00000|  0%| F|  |TAMS 0x000000008bd00000, 0x000000008bd00000| Untracked 
| 190|0x000000008be00000, 0x000000008be00000, 0x000000008bf00000|  0%| F|  |TAMS 0x000000008be00000, 0x000000008be00000| Untracked 
| 191|0x000000008bf00000, 0x000000008bf00000, 0x000000008c000000|  0%| F|  |TAMS 0x000000008bf00000, 0x000000008bf00000| Untracked 
| 192|0x000000008c000000, 0x000000008c000000, 0x000000008c100000|  0%| F|  |TAMS 0x000000008c000000, 0x000000008c000000| Untracked 
| 193|0x000000008c100000, 0x000000008c100000, 0x000000008c200000|  0%| F|  |TAMS 0x000000008c100000, 0x000000008c100000| Untracked 
| 194|0x000000008c200000, 0x000000008c200000, 0x000000008c300000|  0%| F|  |TAMS 0x000000008c200000, 0x000000008c200000| Untracked 
| 195|0x000000008c300000, 0x000000008c300000, 0x000000008c400000|  0%| F|  |TAMS 0x000000008c300000, 0x000000008c300000| Untracked 
| 196|0x000000008c400000, 0x000000008c400000, 0x000000008c500000|  0%| F|  |TAMS 0x000000008c400000, 0x000000008c400000| Untracked 
| 197|0x000000008c500000, 0x000000008c500000, 0x000000008c600000|  0%| F|  |TAMS 0x000000008c500000, 0x000000008c500000| Untracked 
| 198|0x000000008c600000, 0x000000008c600000, 0x000000008c700000|  0%| F|  |TAMS 0x000000008c600000, 0x000000008c600000| Untracked 
| 199|0x000000008c700000, 0x000000008c700000, 0x000000008c800000|  0%| F|  |TAMS 0x000000008c700000, 0x000000008c700000| Untracked 
| 200|0x000000008c800000, 0x000000008c800000, 0x000000008c900000|  0%| F|  |TAMS 0x000000008c800000, 0x000000008c800000| Untracked 
| 201|0x000000008c900000, 0x000000008c900000, 0x000000008ca00000|  0%| F|  |TAMS 0x000000008c900000, 0x000000008c900000| Untracked 
| 202|0x000000008ca00000, 0x000000008ca00000, 0x000000008cb00000|  0%| F|  |TAMS 0x000000008ca00000, 0x000000008ca00000| Untracked 
| 203|0x000000008cb00000, 0x000000008cb00000, 0x000000008cc00000|  0%| F|  |TAMS 0x000000008cb00000, 0x000000008cb00000| Untracked 
| 204|0x000000008cc00000, 0x000000008cc00000, 0x000000008cd00000|  0%| F|  |TAMS 0x000000008cc00000, 0x000000008cc00000| Untracked 
| 205|0x000000008cd00000, 0x000000008cd00000, 0x000000008ce00000|  0%| F|  |TAMS 0x000000008cd00000, 0x000000008cd00000| Untracked 
| 206|0x000000008ce00000, 0x000000008ce00000, 0x000000008cf00000|  0%| F|  |TAMS 0x000000008ce00000, 0x000000008ce00000| Untracked 
| 207|0x000000008cf00000, 0x000000008cf00000, 0x000000008d000000|  0%| F|  |TAMS 0x000000008cf00000, 0x000000008cf00000| Untracked 
| 208|0x000000008d000000, 0x000000008d000000, 0x000000008d100000|  0%| F|  |TAMS 0x000000008d000000, 0x000000008d000000| Untracked 
| 209|0x000000008d100000, 0x000000008d100000, 0x000000008d200000|  0%| F|  |TAMS 0x000000008d100000, 0x000000008d100000| Untracked 
| 210|0x000000008d200000, 0x000000008d200000, 0x000000008d300000|  0%| F|  |TAMS 0x000000008d200000, 0x000000008d200000| Untracked 
| 211|0x000000008d300000, 0x000000008d300000, 0x000000008d400000|  0%| F|  |TAMS 0x000000008d300000, 0x000000008d300000| Untracked 
| 212|0x000000008d400000, 0x000000008d400000, 0x000000008d500000|  0%| F|  |TAMS 0x000000008d400000, 0x000000008d400000| Untracked 
| 213|0x000000008d500000, 0x000000008d500000, 0x000000008d600000|  0%| F|  |TAMS 0x000000008d500000, 0x000000008d500000| Untracked 
| 214|0x000000008d600000, 0x000000008d600000, 0x000000008d700000|  0%| F|  |TAMS 0x000000008d600000, 0x000000008d600000| Untracked 
| 215|0x000000008d700000, 0x000000008d700000, 0x000000008d800000|  0%| F|  |TAMS 0x000000008d700000, 0x000000008d700000| Untracked 
| 216|0x000000008d800000, 0x000000008d800000, 0x000000008d900000|  0%| F|  |TAMS 0x000000008d800000, 0x000000008d800000| Untracked 
| 217|0x000000008d900000, 0x000000008d900000, 0x000000008da00000|  0%| F|  |TAMS 0x000000008d900000, 0x000000008d900000| Untracked 
| 218|0x000000008da00000, 0x000000008da00000, 0x000000008db00000|  0%| F|  |TAMS 0x000000008da00000, 0x000000008da00000| Untracked 
| 219|0x000000008db00000, 0x000000008db00000, 0x000000008dc00000|  0%| F|  |TAMS 0x000000008db00000, 0x000000008db00000| Untracked 
| 220|0x000000008dc00000, 0x000000008dc00000, 0x000000008dd00000|  0%| F|  |TAMS 0x000000008dc00000, 0x000000008dc00000| Untracked 
| 221|0x000000008dd00000, 0x000000008dd00000, 0x000000008de00000|  0%| F|  |TAMS 0x000000008dd00000, 0x000000008dd00000| Untracked 
| 222|0x000000008de00000, 0x000000008de00000, 0x000000008df00000|  0%| F|  |TAMS 0x000000008de00000, 0x000000008de00000| Untracked 
| 223|0x000000008df00000, 0x000000008df00000, 0x000000008e000000|  0%| F|  |TAMS 0x000000008df00000, 0x000000008df00000| Untracked 
| 224|0x000000008e000000, 0x000000008e000000, 0x000000008e100000|  0%| F|  |TAMS 0x000000008e000000, 0x000000008e000000| Untracked 
| 225|0x000000008e100000, 0x000000008e100000, 0x000000008e200000|  0%| F|  |TAMS 0x000000008e100000, 0x000000008e100000| Untracked 
| 226|0x000000008e200000, 0x000000008e200000, 0x000000008e300000|  0%| F|  |TAMS 0x000000008e200000, 0x000000008e200000| Untracked 
| 227|0x000000008e300000, 0x000000008e300000, 0x000000008e400000|  0%| F|  |TAMS 0x000000008e300000, 0x000000008e300000| Untracked 
| 228|0x000000008e400000, 0x000000008e400000, 0x000000008e500000|  0%| F|  |TAMS 0x000000008e400000, 0x000000008e400000| Untracked 
| 229|0x000000008e500000, 0x000000008e500000, 0x000000008e600000|  0%| F|  |TAMS 0x000000008e500000, 0x000000008e500000| Untracked 
| 230|0x000000008e600000, 0x000000008e600000, 0x000000008e700000|  0%| F|  |TAMS 0x000000008e600000, 0x000000008e600000| Untracked 
| 231|0x000000008e700000, 0x000000008e700000, 0x000000008e800000|  0%| F|  |TAMS 0x000000008e700000, 0x000000008e700000| Untracked 
| 232|0x000000008e800000, 0x000000008e800000, 0x000000008e900000|  0%| F|  |TAMS 0x000000008e800000, 0x000000008e800000| Untracked 
| 233|0x000000008e900000, 0x000000008e900000, 0x000000008ea00000|  0%| F|  |TAMS 0x000000008e900000, 0x000000008e900000| Untracked 
| 234|0x000000008ea00000, 0x000000008ea00000, 0x000000008eb00000|  0%| F|  |TAMS 0x000000008ea00000, 0x000000008ea00000| Untracked 
| 235|0x000000008eb00000, 0x000000008eb00000, 0x000000008ec00000|  0%| F|  |TAMS 0x000000008eb00000, 0x000000008eb00000| Untracked 
| 236|0x000000008ec00000, 0x000000008ec00000, 0x000000008ed00000|  0%| F|  |TAMS 0x000000008ec00000, 0x000000008ec00000| Untracked 
| 237|0x000000008ed00000, 0x000000008ed00000, 0x000000008ee00000|  0%| F|  |TAMS 0x000000008ed00000, 0x000000008ed00000| Untracked 
| 238|0x000000008ee00000, 0x000000008ee00000, 0x000000008ef00000|  0%| F|  |TAMS 0x000000008ee00000, 0x000000008ee00000| Untracked 
| 239|0x000000008ef00000, 0x000000008ef00000, 0x000000008f000000|  0%| F|  |TAMS 0x000000008ef00000, 0x000000008ef00000| Untracked 
| 240|0x000000008f000000, 0x000000008f000000, 0x000000008f100000|  0%| F|  |TAMS 0x000000008f000000, 0x000000008f000000| Untracked 
| 241|0x000000008f100000, 0x000000008f100000, 0x000000008f200000|  0%| F|  |TAMS 0x000000008f100000, 0x000000008f100000| Untracked 
| 242|0x000000008f200000, 0x000000008f200000, 0x000000008f300000|  0%| F|  |TAMS 0x000000008f200000, 0x000000008f200000| Untracked 
| 243|0x000000008f300000, 0x000000008f300000, 0x000000008f400000|  0%| F|  |TAMS 0x000000008f300000, 0x000000008f300000| Untracked 
| 244|0x000000008f400000, 0x000000008f400000, 0x000000008f500000|  0%| F|  |TAMS 0x000000008f400000, 0x000000008f400000| Untracked 
| 245|0x000000008f500000, 0x000000008f500000, 0x000000008f600000|  0%| F|  |TAMS 0x000000008f500000, 0x000000008f500000| Untracked 
| 246|0x000000008f600000, 0x000000008f600000, 0x000000008f700000|  0%| F|  |TAMS 0x000000008f600000, 0x000000008f600000| Untracked 
| 247|0x000000008f700000, 0x000000008f700000, 0x000000008f800000|  0%| F|  |TAMS 0x000000008f700000, 0x000000008f700000| Untracked 
| 248|0x000000008f800000, 0x000000008f800000, 0x000000008f900000|  0%| F|  |TAMS 0x000000008f800000, 0x000000008f800000| Untracked 
| 249|0x000000008f900000, 0x000000008f900000, 0x000000008fa00000|  0%| F|  |TAMS 0x000000008f900000, 0x000000008f900000| Untracked 
| 250|0x000000008fa00000, 0x000000008fa00000, 0x000000008fb00000|  0%| F|  |TAMS 0x000000008fa00000, 0x000000008fa00000| Untracked 
| 251|0x000000008fb00000, 0x000000008fb00000, 0x000000008fc00000|  0%| F|  |TAMS 0x000000008fb00000, 0x000000008fb00000| Untracked 
| 252|0x000000008fc00000, 0x000000008fc00000, 0x000000008fd00000|  0%| F|  |TAMS 0x000000008fc00000, 0x000000008fc00000| Untracked 
| 253|0x000000008fd00000, 0x000000008fd00000, 0x000000008fe00000|  0%| F|  |TAMS 0x000000008fd00000, 0x000000008fd00000| Untracked 
| 254|0x000000008fe00000, 0x000000008fe00000, 0x000000008ff00000|  0%| F|  |TAMS 0x000000008fe00000, 0x000000008fe00000| Untracked 
| 255|0x000000008ff00000, 0x000000008ff00000, 0x0000000090000000|  0%| F|  |TAMS 0x000000008ff00000, 0x000000008ff00000| Untracked 
| 256|0x0000000090000000, 0x0000000090080800, 0x0000000090100000| 50%| E|  |TAMS 0x0000000090000000, 0x0000000090000000| Complete 
| 257|0x0000000090100000, 0x0000000090200000, 0x0000000090200000|100%| E|CS|TAMS 0x0000000090100000, 0x0000000090100000| Complete 
| 258|0x0000000090200000, 0x0000000090300000, 0x0000000090300000|100%| E|CS|TAMS 0x0000000090200000, 0x0000000090200000| Complete 
| 259|0x0000000090300000, 0x0000000090400000, 0x0000000090400000|100%| E|CS|TAMS 0x0000000090300000, 0x0000000090300000| Complete 
| 260|0x0000000090400000, 0x0000000090500000, 0x0000000090500000|100%| E|CS|TAMS 0x0000000090400000, 0x0000000090400000| Complete 
| 261|0x0000000090500000, 0x0000000090600000, 0x0000000090600000|100%| E|CS|TAMS 0x0000000090500000, 0x0000000090500000| Complete 
| 262|0x0000000090600000, 0x0000000090700000, 0x0000000090700000|100%| E|CS|TAMS 0x0000000090600000, 0x0000000090600000| Complete 
| 263|0x0000000090700000, 0x0000000090800000, 0x0000000090800000|100%| E|CS|TAMS 0x0000000090700000, 0x0000000090700000| Complete 
| 264|0x0000000090800000, 0x0000000090900000, 0x0000000090900000|100%| E|CS|TAMS 0x0000000090800000, 0x0000000090800000| Complete 
| 265|0x0000000090900000, 0x0000000090a00000, 0x0000000090a00000|100%| E|CS|TAMS 0x0000000090900000, 0x0000000090900000| Complete 
| 266|0x0000000090a00000, 0x0000000090b00000, 0x0000000090b00000|100%| E|CS|TAMS 0x0000000090a00000, 0x0000000090a00000| Complete 
| 267|0x0000000090b00000, 0x0000000090c00000, 0x0000000090c00000|100%| E|CS|TAMS 0x0000000090b00000, 0x0000000090b00000| Complete 
| 268|0x0000000090c00000, 0x0000000090d00000, 0x0000000090d00000|100%| E|CS|TAMS 0x0000000090c00000, 0x0000000090c00000| Complete 
| 269|0x0000000090d00000, 0x0000000090e00000, 0x0000000090e00000|100%| E|CS|TAMS 0x0000000090d00000, 0x0000000090d00000| Complete 
| 270|0x0000000090e00000, 0x0000000090f00000, 0x0000000090f00000|100%| E|CS|TAMS 0x0000000090e00000, 0x0000000090e00000| Complete 
| 271|0x0000000090f00000, 0x0000000091000000, 0x0000000091000000|100%| E|CS|TAMS 0x0000000090f00000, 0x0000000090f00000| Complete 
| 272|0x0000000091000000, 0x0000000091100000, 0x0000000091100000|100%| E|CS|TAMS 0x0000000091000000, 0x0000000091000000| Complete 
| 273|0x0000000091100000, 0x0000000091200000, 0x0000000091200000|100%| E|CS|TAMS 0x0000000091100000, 0x0000000091100000| Complete 
| 274|0x0000000091200000, 0x0000000091300000, 0x0000000091300000|100%| E|CS|TAMS 0x0000000091200000, 0x0000000091200000| Complete 
| 275|0x0000000091300000, 0x0000000091400000, 0x0000000091400000|100%| E|CS|TAMS 0x0000000091300000, 0x0000000091300000| Complete 
| 276|0x0000000091400000, 0x0000000091500000, 0x0000000091500000|100%| E|CS|TAMS 0x0000000091400000, 0x0000000091400000| Complete 
| 277|0x0000000091500000, 0x0000000091600000, 0x0000000091600000|100%| E|CS|TAMS 0x0000000091500000, 0x0000000091500000| Complete 
| 278|0x0000000091600000, 0x0000000091700000, 0x0000000091700000|100%| E|CS|TAMS 0x0000000091600000, 0x0000000091600000| Complete 
| 279|0x0000000091700000, 0x0000000091800000, 0x0000000091800000|100%| E|CS|TAMS 0x0000000091700000, 0x0000000091700000| Complete 
| 280|0x0000000091800000, 0x0000000091900000, 0x0000000091900000|100%| E|CS|TAMS 0x0000000091800000, 0x0000000091800000| Complete 
| 281|0x0000000091900000, 0x0000000091a00000, 0x0000000091a00000|100%| E|CS|TAMS 0x0000000091900000, 0x0000000091900000| Complete 
| 282|0x0000000091a00000, 0x0000000091b00000, 0x0000000091b00000|100%| E|CS|TAMS 0x0000000091a00000, 0x0000000091a00000| Complete 
| 283|0x0000000091b00000, 0x0000000091c00000, 0x0000000091c00000|100%| E|CS|TAMS 0x0000000091b00000, 0x0000000091b00000| Complete 
| 284|0x0000000091c00000, 0x0000000091d00000, 0x0000000091d00000|100%| E|CS|TAMS 0x0000000091c00000, 0x0000000091c00000| Complete 
| 285|0x0000000091d00000, 0x0000000091e00000, 0x0000000091e00000|100%| E|CS|TAMS 0x0000000091d00000, 0x0000000091d00000| Complete 
| 286|0x0000000091e00000, 0x0000000091f00000, 0x0000000091f00000|100%| E|CS|TAMS 0x0000000091e00000, 0x0000000091e00000| Complete 
| 287|0x0000000091f00000, 0x0000000092000000, 0x0000000092000000|100%| E|CS|TAMS 0x0000000091f00000, 0x0000000091f00000| Complete 
| 288|0x0000000092000000, 0x0000000092100000, 0x0000000092100000|100%| E|CS|TAMS 0x0000000092000000, 0x0000000092000000| Complete 
| 289|0x0000000092100000, 0x0000000092200000, 0x0000000092200000|100%| E|CS|TAMS 0x0000000092100000, 0x0000000092100000| Complete 
| 290|0x0000000092200000, 0x0000000092300000, 0x0000000092300000|100%| E|CS|TAMS 0x0000000092200000, 0x0000000092200000| Complete 
| 291|0x0000000092300000, 0x0000000092400000, 0x0000000092400000|100%| E|CS|TAMS 0x0000000092300000, 0x0000000092300000| Complete 
| 292|0x0000000092400000, 0x0000000092500000, 0x0000000092500000|100%| E|CS|TAMS 0x0000000092400000, 0x0000000092400000| Complete 
| 293|0x0000000092500000, 0x0000000092600000, 0x0000000092600000|100%| E|CS|TAMS 0x0000000092500000, 0x0000000092500000| Complete 
| 294|0x0000000092600000, 0x0000000092700000, 0x0000000092700000|100%| E|CS|TAMS 0x0000000092600000, 0x0000000092600000| Complete 
| 295|0x0000000092700000, 0x0000000092800000, 0x0000000092800000|100%| E|CS|TAMS 0x0000000092700000, 0x0000000092700000| Complete 
| 296|0x0000000092800000, 0x0000000092900000, 0x0000000092900000|100%| E|CS|TAMS 0x0000000092800000, 0x0000000092800000| Complete 
| 297|0x0000000092900000, 0x0000000092a00000, 0x0000000092a00000|100%| E|CS|TAMS 0x0000000092900000, 0x0000000092900000| Complete 
| 298|0x0000000092a00000, 0x0000000092b00000, 0x0000000092b00000|100%| E|CS|TAMS 0x0000000092a00000, 0x0000000092a00000| Complete 
| 299|0x0000000092b00000, 0x0000000092c00000, 0x0000000092c00000|100%| E|CS|TAMS 0x0000000092b00000, 0x0000000092b00000| Complete 
| 300|0x0000000092c00000, 0x0000000092d00000, 0x0000000092d00000|100%| E|CS|TAMS 0x0000000092c00000, 0x0000000092c00000| Complete 
| 301|0x0000000092d00000, 0x0000000092e00000, 0x0000000092e00000|100%| E|CS|TAMS 0x0000000092d00000, 0x0000000092d00000| Complete 
| 302|0x0000000092e00000, 0x0000000092f00000, 0x0000000092f00000|100%| E|CS|TAMS 0x0000000092e00000, 0x0000000092e00000| Complete 
| 303|0x0000000092f00000, 0x0000000093000000, 0x0000000093000000|100%| E|CS|TAMS 0x0000000092f00000, 0x0000000092f00000| Complete 
| 304|0x0000000093000000, 0x0000000093100000, 0x0000000093100000|100%| E|CS|TAMS 0x0000000093000000, 0x0000000093000000| Complete 
| 305|0x0000000093100000, 0x0000000093200000, 0x0000000093200000|100%| E|CS|TAMS 0x0000000093100000, 0x0000000093100000| Complete 
| 306|0x0000000093200000, 0x0000000093300000, 0x0000000093300000|100%| E|CS|TAMS 0x0000000093200000, 0x0000000093200000| Complete 
| 307|0x0000000093300000, 0x0000000093400000, 0x0000000093400000|100%| E|CS|TAMS 0x0000000093300000, 0x0000000093300000| Complete 
| 308|0x0000000093400000, 0x0000000093500000, 0x0000000093500000|100%| E|CS|TAMS 0x0000000093400000, 0x0000000093400000| Complete 
| 309|0x0000000093500000, 0x0000000093600000, 0x0000000093600000|100%| E|CS|TAMS 0x0000000093500000, 0x0000000093500000| Complete 
| 310|0x0000000093600000, 0x0000000093700000, 0x0000000093700000|100%| E|CS|TAMS 0x0000000093600000, 0x0000000093600000| Complete 
| 311|0x0000000093700000, 0x0000000093800000, 0x0000000093800000|100%| E|CS|TAMS 0x0000000093700000, 0x0000000093700000| Complete 
| 312|0x0000000093800000, 0x0000000093900000, 0x0000000093900000|100%| E|CS|TAMS 0x0000000093800000, 0x0000000093800000| Complete 
| 313|0x0000000093900000, 0x0000000093a00000, 0x0000000093a00000|100%| E|CS|TAMS 0x0000000093900000, 0x0000000093900000| Complete 
| 314|0x0000000093a00000, 0x0000000093b00000, 0x0000000093b00000|100%| E|CS|TAMS 0x0000000093a00000, 0x0000000093a00000| Complete 
| 315|0x0000000093b00000, 0x0000000093c00000, 0x0000000093c00000|100%| E|CS|TAMS 0x0000000093b00000, 0x0000000093b00000| Complete 
| 316|0x0000000093c00000, 0x0000000093d00000, 0x0000000093d00000|100%| E|CS|TAMS 0x0000000093c00000, 0x0000000093c00000| Complete 
| 317|0x0000000093d00000, 0x0000000093e00000, 0x0000000093e00000|100%| E|CS|TAMS 0x0000000093d00000, 0x0000000093d00000| Complete 
| 318|0x0000000093e00000, 0x0000000093f00000, 0x0000000093f00000|100%| E|CS|TAMS 0x0000000093e00000, 0x0000000093e00000| Complete 
| 319|0x0000000093f00000, 0x0000000094000000, 0x0000000094000000|100%| E|CS|TAMS 0x0000000093f00000, 0x0000000093f00000| Complete 
| 320|0x0000000094000000, 0x0000000094100000, 0x0000000094100000|100%| E|CS|TAMS 0x0000000094000000, 0x0000000094000000| Complete 
| 321|0x0000000094100000, 0x0000000094200000, 0x0000000094200000|100%| E|CS|TAMS 0x0000000094100000, 0x0000000094100000| Complete 
| 322|0x0000000094200000, 0x0000000094300000, 0x0000000094300000|100%| E|CS|TAMS 0x0000000094200000, 0x0000000094200000| Complete 
| 323|0x0000000094300000, 0x0000000094400000, 0x0000000094400000|100%| E|CS|TAMS 0x0000000094300000, 0x0000000094300000| Complete 
| 324|0x0000000094400000, 0x0000000094500000, 0x0000000094500000|100%| E|CS|TAMS 0x0000000094400000, 0x0000000094400000| Complete 
| 325|0x0000000094500000, 0x0000000094600000, 0x0000000094600000|100%| E|CS|TAMS 0x0000000094500000, 0x0000000094500000| Complete 
| 326|0x0000000094600000, 0x0000000094700000, 0x0000000094700000|100%| E|CS|TAMS 0x0000000094600000, 0x0000000094600000| Complete 
| 327|0x0000000094700000, 0x0000000094800000, 0x0000000094800000|100%| E|CS|TAMS 0x0000000094700000, 0x0000000094700000| Complete 
| 328|0x0000000094800000, 0x0000000094900000, 0x0000000094900000|100%| E|CS|TAMS 0x0000000094800000, 0x0000000094800000| Complete 
| 329|0x0000000094900000, 0x0000000094a00000, 0x0000000094a00000|100%| E|CS|TAMS 0x0000000094900000, 0x0000000094900000| Complete 
| 330|0x0000000094a00000, 0x0000000094b00000, 0x0000000094b00000|100%| E|CS|TAMS 0x0000000094a00000, 0x0000000094a00000| Complete 
| 331|0x0000000094b00000, 0x0000000094c00000, 0x0000000094c00000|100%| E|CS|TAMS 0x0000000094b00000, 0x0000000094b00000| Complete 
| 332|0x0000000094c00000, 0x0000000094d00000, 0x0000000094d00000|100%| E|CS|TAMS 0x0000000094c00000, 0x0000000094c00000| Complete 
| 333|0x0000000094d00000, 0x0000000094e00000, 0x0000000094e00000|100%| E|CS|TAMS 0x0000000094d00000, 0x0000000094d00000| Complete 
| 334|0x0000000094e00000, 0x0000000094f00000, 0x0000000094f00000|100%| E|CS|TAMS 0x0000000094e00000, 0x0000000094e00000| Complete 
| 335|0x0000000094f00000, 0x0000000095000000, 0x0000000095000000|100%| E|CS|TAMS 0x0000000094f00000, 0x0000000094f00000| Complete 
| 336|0x0000000095000000, 0x0000000095100000, 0x0000000095100000|100%| E|CS|TAMS 0x0000000095000000, 0x0000000095000000| Complete 
| 337|0x0000000095100000, 0x0000000095200000, 0x0000000095200000|100%| E|CS|TAMS 0x0000000095100000, 0x0000000095100000| Complete 
| 338|0x0000000095200000, 0x0000000095300000, 0x0000000095300000|100%| E|CS|TAMS 0x0000000095200000, 0x0000000095200000| Complete 
| 339|0x0000000095300000, 0x0000000095400000, 0x0000000095400000|100%| E|CS|TAMS 0x0000000095300000, 0x0000000095300000| Complete 
| 340|0x0000000095400000, 0x0000000095500000, 0x0000000095500000|100%| E|CS|TAMS 0x0000000095400000, 0x0000000095400000| Complete 
| 341|0x0000000095500000, 0x0000000095600000, 0x0000000095600000|100%| E|CS|TAMS 0x0000000095500000, 0x0000000095500000| Complete 
| 342|0x0000000095600000, 0x0000000095700000, 0x0000000095700000|100%| E|CS|TAMS 0x0000000095600000, 0x0000000095600000| Complete 
| 343|0x0000000095700000, 0x0000000095800000, 0x0000000095800000|100%| E|CS|TAMS 0x0000000095700000, 0x0000000095700000| Complete 
| 344|0x0000000095800000, 0x0000000095900000, 0x0000000095900000|100%| E|CS|TAMS 0x0000000095800000, 0x0000000095800000| Complete 
| 345|0x0000000095900000, 0x0000000095a00000, 0x0000000095a00000|100%| E|CS|TAMS 0x0000000095900000, 0x0000000095900000| Complete 
| 346|0x0000000095a00000, 0x0000000095b00000, 0x0000000095b00000|100%| E|CS|TAMS 0x0000000095a00000, 0x0000000095a00000| Complete 
| 347|0x0000000095b00000, 0x0000000095c00000, 0x0000000095c00000|100%| E|CS|TAMS 0x0000000095b00000, 0x0000000095b00000| Complete 
| 348|0x0000000095c00000, 0x0000000095d00000, 0x0000000095d00000|100%| E|CS|TAMS 0x0000000095c00000, 0x0000000095c00000| Complete 
| 349|0x0000000095d00000, 0x0000000095e00000, 0x0000000095e00000|100%| E|CS|TAMS 0x0000000095d00000, 0x0000000095d00000| Complete 
| 350|0x0000000095e00000, 0x0000000095f00000, 0x0000000095f00000|100%| E|CS|TAMS 0x0000000095e00000, 0x0000000095e00000| Complete 
| 351|0x0000000095f00000, 0x0000000096000000, 0x0000000096000000|100%| E|CS|TAMS 0x0000000095f00000, 0x0000000095f00000| Complete 
| 352|0x0000000096000000, 0x0000000096100000, 0x0000000096100000|100%| E|CS|TAMS 0x0000000096000000, 0x0000000096000000| Complete 
| 353|0x0000000096100000, 0x0000000096200000, 0x0000000096200000|100%| E|CS|TAMS 0x0000000096100000, 0x0000000096100000| Complete 
| 354|0x0000000096200000, 0x0000000096300000, 0x0000000096300000|100%| E|CS|TAMS 0x0000000096200000, 0x0000000096200000| Complete 
| 355|0x0000000096300000, 0x0000000096400000, 0x0000000096400000|100%| E|CS|TAMS 0x0000000096300000, 0x0000000096300000| Complete 
| 356|0x0000000096400000, 0x0000000096500000, 0x0000000096500000|100%| E|CS|TAMS 0x0000000096400000, 0x0000000096400000| Complete 
| 357|0x0000000096500000, 0x0000000096600000, 0x0000000096600000|100%| E|CS|TAMS 0x0000000096500000, 0x0000000096500000| Complete 
| 358|0x0000000096600000, 0x0000000096700000, 0x0000000096700000|100%| E|CS|TAMS 0x0000000096600000, 0x0000000096600000| Complete 
| 359|0x0000000096700000, 0x0000000096800000, 0x0000000096800000|100%| E|CS|TAMS 0x0000000096700000, 0x0000000096700000| Complete 
| 360|0x0000000096800000, 0x0000000096900000, 0x0000000096900000|100%| E|CS|TAMS 0x0000000096800000, 0x0000000096800000| Complete 
| 361|0x0000000096900000, 0x0000000096a00000, 0x0000000096a00000|100%| E|CS|TAMS 0x0000000096900000, 0x0000000096900000| Complete 
| 362|0x0000000096a00000, 0x0000000096b00000, 0x0000000096b00000|100%| E|CS|TAMS 0x0000000096a00000, 0x0000000096a00000| Complete 
| 363|0x0000000096b00000, 0x0000000096c00000, 0x0000000096c00000|100%| E|CS|TAMS 0x0000000096b00000, 0x0000000096b00000| Complete 
| 364|0x0000000096c00000, 0x0000000096d00000, 0x0000000096d00000|100%| E|CS|TAMS 0x0000000096c00000, 0x0000000096c00000| Complete 
| 365|0x0000000096d00000, 0x0000000096e00000, 0x0000000096e00000|100%| E|CS|TAMS 0x0000000096d00000, 0x0000000096d00000| Complete 
| 366|0x0000000096e00000, 0x0000000096f00000, 0x0000000096f00000|100%| E|CS|TAMS 0x0000000096e00000, 0x0000000096e00000| Complete 
| 367|0x0000000096f00000, 0x0000000097000000, 0x0000000097000000|100%| E|CS|TAMS 0x0000000096f00000, 0x0000000096f00000| Complete 
| 368|0x0000000097000000, 0x0000000097100000, 0x0000000097100000|100%| E|CS|TAMS 0x0000000097000000, 0x0000000097000000| Complete 
| 369|0x0000000097100000, 0x0000000097200000, 0x0000000097200000|100%| E|CS|TAMS 0x0000000097100000, 0x0000000097100000| Complete 
| 370|0x0000000097200000, 0x0000000097300000, 0x0000000097300000|100%| E|CS|TAMS 0x0000000097200000, 0x0000000097200000| Complete 
| 371|0x0000000097300000, 0x0000000097400000, 0x0000000097400000|100%| E|CS|TAMS 0x0000000097300000, 0x0000000097300000| Complete 
| 372|0x0000000097400000, 0x0000000097500000, 0x0000000097500000|100%| E|CS|TAMS 0x0000000097400000, 0x0000000097400000| Complete 
| 373|0x0000000097500000, 0x0000000097600000, 0x0000000097600000|100%| E|CS|TAMS 0x0000000097500000, 0x0000000097500000| Complete 
| 374|0x0000000097600000, 0x0000000097700000, 0x0000000097700000|100%| E|CS|TAMS 0x0000000097600000, 0x0000000097600000| Complete 
| 375|0x0000000097700000, 0x0000000097800000, 0x0000000097800000|100%| E|CS|TAMS 0x0000000097700000, 0x0000000097700000| Complete 
| 376|0x0000000097800000, 0x0000000097900000, 0x0000000097900000|100%| E|CS|TAMS 0x0000000097800000, 0x0000000097800000| Complete 
| 377|0x0000000097900000, 0x0000000097a00000, 0x0000000097a00000|100%| E|CS|TAMS 0x0000000097900000, 0x0000000097900000| Complete 
| 378|0x0000000097a00000, 0x0000000097b00000, 0x0000000097b00000|100%| E|CS|TAMS 0x0000000097a00000, 0x0000000097a00000| Complete 
| 379|0x0000000097b00000, 0x0000000097c00000, 0x0000000097c00000|100%| E|CS|TAMS 0x0000000097b00000, 0x0000000097b00000| Complete 
| 380|0x0000000097c00000, 0x0000000097d00000, 0x0000000097d00000|100%| E|CS|TAMS 0x0000000097c00000, 0x0000000097c00000| Complete 
| 381|0x0000000097d00000, 0x0000000097e00000, 0x0000000097e00000|100%| E|CS|TAMS 0x0000000097d00000, 0x0000000097d00000| Complete 
| 382|0x0000000097e00000, 0x0000000097f00000, 0x0000000097f00000|100%| E|CS|TAMS 0x0000000097e00000, 0x0000000097e00000| Complete 
| 383|0x0000000097f00000, 0x0000000098000000, 0x0000000098000000|100%| E|CS|TAMS 0x0000000097f00000, 0x0000000097f00000| Complete 

Card table byte_map: [0x000002356bf00000,0x000002356c300000] _byte_map_base: 0x000002356bb00000

Marking Bits (Prev, Next): (CMBitMap*) 0x0000023556dff978, (CMBitMap*) 0x0000023556dff9b0
 Prev Bits: [0x000002356c700000, 0x000002356e700000)
 Next Bits: [0x000002356e700000, 0x0000023570700000)

Polling page: 0x0000023556c70000

Metaspace:

Usage:
  Non-class:     41.19 MB capacity,    40.40 MB ( 98%) used,   683.10 KB (  2%) free+waste,   118.81 KB ( <1%) overhead. 
      Class:      6.42 MB capacity,     5.97 MB ( 93%) used,   409.42 KB (  6%) free+waste,    57.25 KB ( <1%) overhead. 
       Both:     47.61 MB capacity,    46.37 MB ( 97%) used,     1.07 MB (  2%) free+waste,   176.06 KB ( <1%) overhead. 

Virtual space:
  Non-class space:       42.00 MB reserved,      41.25 MB ( 98%) committed 
      Class space:        1.00 GB reserved,       6.45 MB ( <1%) committed 
             Both:        1.04 GB reserved,      47.70 MB (  4%) committed 

Chunk freelists:
   Non-Class:  0 bytes
       Class:  17.00 KB
        Both:  17.00 KB

MaxMetaspaceSize: 17179869184.00 GB
CompressedClassSpaceSize: 1.00 GB

CodeHeap 'non-profiled nmethods': size=120000Kb used=3952Kb max_used=3952Kb free=116047Kb
 bounds [0x0000023563b50000, 0x0000023563f30000, 0x000002356b080000]
CodeHeap 'profiled nmethods': size=120000Kb used=11303Kb max_used=11303Kb free=108696Kb
 bounds [0x000002355c620000, 0x000002355d130000, 0x0000023563b50000]
CodeHeap 'non-nmethods': size=5760Kb used=2218Kb max_used=2307Kb free=3541Kb
 bounds [0x000002355c080000, 0x000002355c2f0000, 0x000002355c620000]
 total_blobs=5880 nmethods=5087 adapters=704
 compilation: enabled
              stopped_count=0, restarted_count=0
 full_count=0

Compilation events (20 events):
Event: 9.625 Thread 0x0000023573aff800 nmethod 5093 0x0000023563f12390 code [0x0000023563f12520, 0x0000023563f12598]
Event: 9.625 Thread 0x0000023573aff800 5038       4       org.objectweb.asm.ClassReader::createLabel (21 bytes)
Event: 9.627 Thread 0x0000023573aff800 nmethod 5038 0x0000023563f12610 code [0x0000023563f127c0, 0x0000023563f12978]
Event: 9.631 Thread 0x0000023573aff800 5095       4       org.objectweb.asm.ClassReader::readField (667 bytes)
Event: 9.692 Thread 0x0000023573b03000 5099       3       org.objectweb.asm.ByteVector::put112 (80 bytes)
Event: 9.692 Thread 0x0000023573b03000 nmethod 5099 0x000002355d125290 code [0x000002355d125460, 0x000002355d1256a8]
Event: 9.703 Thread 0x0000023573b03000 5100       3       java.util.StringTokenizer::setMaxDelimCodePoint (156 bytes)
Event: 9.704 Thread 0x0000023573b03000 nmethod 5100 0x000002355d125810 code [0x000002355d125aa0, 0x000002355d1267b8]
Event: 9.800 Thread 0x0000023573b03000 5102       3       org.objectweb.asm.SymbolTable::addConstantDouble (11 bytes)
Event: 9.800 Thread 0x0000023573b03000 nmethod 5102 0x000002355d126c90 code [0x000002355d126e40, 0x000002355d126f88]
Event: 9.837 Thread 0x0000023573aff800 nmethod 5095 0x0000023563f12b10 code [0x0000023563f12f40, 0x0000023563f18ad0]
Event: 9.837 Thread 0x0000023573aff800 5098       4       org.objectweb.asm.ClassReader::accept (1404 bytes)
Event: 9.856 Thread 0x0000023573b03000 5104       3       org.objectweb.asm.AnnotationWriter::visitArray (62 bytes)
Event: 9.856 Thread 0x0000023573b03000 nmethod 5104 0x000002355d127010 code [0x000002355d127200, 0x000002355d1274d8]
Event: 9.895 Thread 0x0000023573b03000 5106       3       org.objectweb.asm.ClassWriter::visitOuterClass (37 bytes)
Event: 9.895 Thread 0x0000023573b03000 nmethod 5106 0x000002355d127690 code [0x000002355d127860, 0x000002355d127af8]
Event: 9.924 Thread 0x0000023573b03000 5108       3       org.objectweb.asm.SymbolTable::addConstantIntegerOrFloat (100 bytes)
Event: 9.924 Thread 0x0000023573b03000 nmethod 5108 0x000002355d127c90 code [0x000002355d127ec0, 0x000002355d128478]
Event: 9.943 Thread 0x0000023573b03000 5109       3       org.objectweb.asm.ClassWriter::visitAnnotation (40 bytes)
Event: 9.944 Thread 0x0000023573b03000 nmethod 5109 0x000002355d128790 code [0x000002355d128a00, 0x000002355d129438]

GC Heap History (16 events):
Event: 1.073 GC heap before
{Heap before GC invocations=0 (full 0):
 garbage-first heap   total 393216K, used 29696K [0x0000000080000000, 0x0000000100000000)
  region size 1024K, 24 young (24576K), 0 survivors (0K)
 Metaspace       used 10212K, capacity 10423K, committed 10624K, reserved 1058816K
  class space    used 1066K, capacity 1141K, committed 1152K, reserved 1048576K
}
Event: 1.078 GC heap after
{Heap after GC invocations=1 (full 0):
 garbage-first heap   total 393216K, used 9458K [0x0000000080000000, 0x0000000100000000)
  region size 1024K, 3 young (3072K), 3 survivors (3072K)
 Metaspace       used 10212K, capacity 10423K, committed 10624K, reserved 1058816K
  class space    used 1066K, capacity 1141K, committed 1152K, reserved 1048576K
}
Event: 3.367 GC heap before
{Heap before GC invocations=1 (full 0):
 garbage-first heap   total 393216K, used 104690K [0x0000000080000000, 0x0000000100000000)
  region size 1024K, 97 young (99328K), 3 survivors (3072K)
 Metaspace       used 20549K, capacity 21087K, committed 21248K, reserved 1067008K
  class space    used 2506K, capacity 2701K, committed 2816K, reserved 1048576K
}
Event: 3.374 GC heap after
{Heap after GC invocations=2 (full 0):
 garbage-first heap   total 393216K, used 16492K [0x0000000080000000, 0x0000000100000000)
  region size 1024K, 10 young (10240K), 10 survivors (10240K)
 Metaspace       used 20549K, capacity 21087K, committed 21248K, reserved 1067008K
  class space    used 2506K, capacity 2701K, committed 2816K, reserved 1048576K
}
Event: 3.556 GC heap before
{Heap before GC invocations=3 (full 0):
 garbage-first heap   total 393216K, used 37996K [0x0000000080000000, 0x0000000100000000)
  region size 1024K, 31 young (31744K), 10 survivors (10240K)
 Metaspace       used 22303K, capacity 22897K, committed 23040K, reserved 1069056K
  class space    used 2840K, capacity 3053K, committed 3072K, reserved 1048576K
}
Event: 3.562 GC heap after
{Heap after GC invocations=4 (full 0):
 garbage-first heap   total 393216K, used 17919K [0x0000000080000000, 0x0000000100000000)
  region size 1024K, 1 young (1024K), 1 survivors (1024K)
 Metaspace       used 22303K, capacity 22897K, committed 23040K, reserved 1069056K
  class space    used 2840K, capacity 3053K, committed 3072K, reserved 1048576K
}
Event: 4.935 GC heap before
{Heap before GC invocations=4 (full 0):
 garbage-first heap   total 393216K, used 103935K [0x0000000080000000, 0x0000000100000000)
  region size 1024K, 76 young (77824K), 1 survivors (1024K)
 Metaspace       used 29843K, capacity 30701K, committed 30976K, reserved 1075200K
  class space    used 4005K, capacity 4310K, committed 4352K, reserved 1048576K
}
Event: 4.938 GC heap after
{Heap after GC invocations=5 (full 0):
 garbage-first heap   total 393216K, used 33089K [0x0000000080000000, 0x0000000100000000)
  region size 1024K, 7 young (7168K), 7 survivors (7168K)
 Metaspace       used 29843K, capacity 30701K, committed 30976K, reserved 1075200K
  class space    used 4005K, capacity 4310K, committed 4352K, reserved 1048576K
}
Event: 5.423 GC heap before
{Heap before GC invocations=5 (full 0):
 garbage-first heap   total 393216K, used 75073K [0x0000000080000000, 0x0000000100000000)
  region size 1024K, 49 young (50176K), 7 survivors (7168K)
 Metaspace       used 34805K, capacity 35797K, committed 35840K, reserved 1081344K
  class space    used 4606K, capacity 4965K, committed 4992K, reserved 1048576K
}
Event: 5.435 GC heap after
{Heap after GC invocations=6 (full 0):
 garbage-first heap   total 393216K, used 35794K [0x0000000080000000, 0x0000000100000000)
  region size 1024K, 10 young (10240K), 10 survivors (10240K)
 Metaspace       used 34805K, capacity 35797K, committed 35840K, reserved 1081344K
  class space    used 4606K, capacity 4965K, committed 4992K, reserved 1048576K
}
Event: 7.071 GC heap before
{Heap before GC invocations=7 (full 0):
 garbage-first heap   total 393216K, used 156626K [0x0000000080000000, 0x0000000100000000)
  region size 1024K, 116 young (118784K), 10 survivors (10240K)
 Metaspace       used 47297K, capacity 48559K, committed 48588K, reserved 1091584K
  class space    used 6107K, capacity 6575K, committed 6604K, reserved 1048576K
}
Event: 7.082 GC heap after
{Heap after GC invocations=8 (full 0):
 garbage-first heap   total 393216K, used 49238K [0x0000000080000000, 0x0000000100000000)
  region size 1024K, 11 young (11264K), 11 survivors (11264K)
 Metaspace       used 47297K, capacity 48559K, committed 48588K, reserved 1091584K
  class space    used 6107K, capacity 6575K, committed 6604K, reserved 1048576K
}
Event: 8.223 GC heap before
{Heap before GC invocations=8 (full 0):
 garbage-first heap   total 393216K, used 273494K [0x0000000080000000, 0x0000000100000000)
  region size 1024K, 230 young (235520K), 11 survivors (11264K)
 Metaspace       used 47468K, capacity 48751K, committed 48844K, reserved 1091584K
  class space    used 6108K, capacity 6575K, committed 6604K, reserved 1048576K
}
Event: 8.230 GC heap after
{Heap after GC invocations=9 (full 0):
 garbage-first heap   total 393216K, used 48454K [0x0000000080000000, 0x0000000100000000)
  region size 1024K, 12 young (12288K), 12 survivors (12288K)
 Metaspace       used 47468K, capacity 48751K, committed 48844K, reserved 1091584K
  class space    used 6108K, capacity 6575K, committed 6604K, reserved 1048576K
}
Event: 9.417 GC heap before
{Heap before GC invocations=9 (full 0):
 garbage-first heap   total 393216K, used 272710K [0x0000000080000000, 0x0000000100000000)
  region size 1024K, 230 young (235520K), 12 survivors (12288K)
 Metaspace       used 47482K, capacity 48751K, committed 48844K, reserved 1091584K
  class space    used 6108K, capacity 6575K, committed 6604K, reserved 1048576K
}
Event: 9.427 GC heap after
{Heap after GC invocations=10 (full 0):
 garbage-first heap   total 393216K, used 55369K [0x0000000080000000, 0x0000000100000000)
  region size 1024K, 18 young (18432K), 18 survivors (18432K)
 Metaspace       used 47482K, capacity 48751K, committed 48844K, reserved 1091584K
  class space    used 6108K, capacity 6575K, committed 6604K, reserved 1048576K
}

Deoptimization events (20 events):
Event: 9.868 Thread 0x00000235773d1000 DEOPT PACKING pc=0x000002355cf685a5 sp=0x000000e2475fe260
Event: 9.868 Thread 0x00000235773d1000 DEOPT UNPACKING pc=0x000002355c0a6dde sp=0x000000e2475fd798 mode 0
Event: 9.887 Thread 0x00000235773d1000 DEOPT PACKING pc=0x000002355d0f788e sp=0x000000e2475fe040
Event: 9.887 Thread 0x00000235773d1000 DEOPT UNPACKING pc=0x000002355c0a6dde sp=0x000000e2475fd6c0 mode 0
Event: 9.894 Thread 0x00000235773d1000 DEOPT PACKING pc=0x000002355d0f788e sp=0x000000e2475fe040
Event: 9.894 Thread 0x00000235773d1000 DEOPT UNPACKING pc=0x000002355c0a6dde sp=0x000000e2475fd6c0 mode 0
Event: 9.898 Thread 0x00000235773d1000 DEOPT PACKING pc=0x000002355cf685a5 sp=0x000000e2475fdc20
Event: 9.898 Thread 0x00000235773d1000 DEOPT UNPACKING pc=0x000002355c0a6dde sp=0x000000e2475fd158 mode 0
Event: 9.934 Thread 0x00000235773d1000 DEOPT PACKING pc=0x000002355d0f788e sp=0x000000e2475fe040
Event: 9.934 Thread 0x00000235773d1000 DEOPT UNPACKING pc=0x000002355c0a6dde sp=0x000000e2475fd6c0 mode 0
Event: 9.940 Thread 0x00000235773d1000 DEOPT PACKING pc=0x000002355d0f788e sp=0x000000e2475fe040
Event: 9.940 Thread 0x00000235773d1000 DEOPT UNPACKING pc=0x000002355c0a6dde sp=0x000000e2475fd6c0 mode 0
Event: 9.966 Thread 0x00000235773d1000 DEOPT PACKING pc=0x000002355d0f788e sp=0x000000e2475fe040
Event: 9.966 Thread 0x00000235773d1000 DEOPT UNPACKING pc=0x000002355c0a6dde sp=0x000000e2475fd6c0 mode 0
Event: 9.977 Thread 0x00000235773d1000 DEOPT PACKING pc=0x000002355d0f788e sp=0x000000e2475fe040
Event: 9.977 Thread 0x00000235773d1000 DEOPT UNPACKING pc=0x000002355c0a6dde sp=0x000000e2475fd6c0 mode 0
Event: 9.988 Thread 0x00000235773d1000 DEOPT PACKING pc=0x000002355d0f788e sp=0x000000e2475fe040
Event: 9.988 Thread 0x00000235773d1000 DEOPT UNPACKING pc=0x000002355c0a6dde sp=0x000000e2475fd6c0 mode 0
Event: 10.000 Thread 0x00000235773d1000 DEOPT PACKING pc=0x000002355d0f788e sp=0x000000e2475fe040
Event: 10.000 Thread 0x00000235773d1000 DEOPT UNPACKING pc=0x000002355c0a6dde sp=0x000000e2475fd6c0 mode 0

Classes redefined (0 events):
No events

Internal exceptions (20 events):
Event: 6.560 Thread 0x0000023575a48800 Exception <a 'java/lang/ClassNotFoundException'{0x0000000093ed1978}: sync_studio_tooling2_41r9n87yd7qe7nofh41jmgiamBeanInfo> (0x0000000093ed1978) thrown at [./src/hotspot/share/classfile/systemDictionary.cpp, line 231]
Event: 6.561 Thread 0x0000023575a48800 Exception <a 'java/lang/ClassNotFoundException'{0x0000000093eddb10}: sync_studio_tooling2_41r9n87yd7qe7nofh41jmgiamCustomizer> (0x0000000093eddb10) thrown at [./src/hotspot/share/classfile/systemDictionary.cpp, line 231]
Event: 6.568 Thread 0x0000023575a48800 Exception <a 'java/lang/ClassNotFoundException'{0x0000000093d530f0}: org/gradle/internal/metaobject/ConfigureDelegateBeanInfo> (0x0000000093d530f0) thrown at [./src/hotspot/share/classfile/systemDictionary.cpp, line 231]
Event: 6.568 Thread 0x0000023575a48800 Exception <a 'java/lang/ClassNotFoundException'{0x0000000093d76e98}: org/gradle/internal/metaobject/ConfigureDelegateCustomizer> (0x0000000093d76e98) thrown at [./src/hotspot/share/classfile/systemDictionary.cpp, line 231]
Event: 6.574 Thread 0x0000023575a48800 Exception <a 'java/lang/ClassNotFoundException'{0x0000000093deb478}: org/gradle/api/internal/initialization/DefaultScriptHandlerBeanInfo> (0x0000000093deb478) thrown at [./src/hotspot/share/classfile/systemDictionary.cpp, line 231]
Event: 6.575 Thread 0x0000023575a48800 Exception <a 'java/lang/ClassNotFoundException'{0x0000000093c13908}: org/gradle/api/internal/initialization/DefaultScriptHandlerCustomizer> (0x0000000093c13908) thrown at [./src/hotspot/share/classfile/systemDictionary.cpp, line 231]
Event: 6.673 Thread 0x0000023575a48800 Exception <a 'java/lang/ClassNotFoundException'{0x000000009346ebd0}: org/gradle/api/internal/artifacts/dsl/dependencies/DefaultDependencyHandler_DecoratedBeanInfo> (0x000000009346ebd0) thrown at [./src/hotspot/share/classfile/systemDictionary.cpp, line 231]
Event: 6.673 Thread 0x0000023575a48800 Exception <a 'java/lang/ClassNotFoundException'{0x00000000934ab1f0}: org/gradle/api/internal/artifacts/dsl/dependencies/DefaultDependencyHandlerBeanInfo> (0x00000000934ab1f0) thrown at [./src/hotspot/share/classfile/systemDictionary.cpp, line 231]
Event: 6.674 Thread 0x0000023575a48800 Exception <a 'java/lang/ClassNotFoundException'{0x00000000934e7718}: org/gradle/api/internal/artifacts/dsl/dependencies/DefaultDependencyHandlerCustomizer> (0x00000000934e7718) thrown at [./src/hotspot/share/classfile/systemDictionary.cpp, line 231]
Event: 6.679 Thread 0x0000023575a48800 Exception <a 'java/lang/ClassNotFoundException'{0x000000009334dbe8}: org/gradle/api/internal/artifacts/dsl/dependencies/DefaultDependencyHandler_DecoratedCustomizer> (0x000000009334dbe8) thrown at [./src/hotspot/share/classfile/systemDictionary.cpp, line 231]
Event: 6.704 Thread 0x0000023575a48800 Exception <a 'java/lang/NoSuchMethodError'{0x0000000093264e28}: 'java.lang.Object java.lang.invoke.DirectMethodHandle$Holder.invokeStatic(java.lang.Object, java.lang.Object, int, java.lang.Object)'> (0x0000000093264e28) thrown at [./src/hotspot/share/interpreter/linkResolver.cpp, line 773]
Event: 6.705 Thread 0x0000023575a48800 Exception <a 'java/lang/NoSuchMethodError'{0x000000009326be18}: 'java.lang.Object java.lang.invoke.Invokers$Holder.linkToTargetMethod(java.lang.Object, int, java.lang.Object, java.lang.Object)'> (0x000000009326be18) thrown at [./src/hotspot/share/interpreter/linkResolver.cpp, line 773]
Event: 6.859 Thread 0x0000023575a48800 Exception <a 'java/lang/IncompatibleClassChangeError'{0x000000009252ebe0}: Found class java.lang.Object, but interface was expected> (0x000000009252ebe0) thrown at [./src/hotspot/share/interpreter/linkResolver.cpp, line 839]
Event: 6.886 Thread 0x0000023575a48800 Exception <a 'java/lang/NoSuchMethodError'{0x00000000924ebc50}: 'java.lang.Object java.lang.invoke.Invokers$Holder.linkToTargetMethod(java.lang.Object, int, java.lang.Object)'> (0x00000000924ebc50) thrown at [./src/hotspot/share/interpreter/linkResolver.cpp, line 773]
Event: 6.943 Thread 0x0000023575a48800 Exception <a 'java/lang/NoSuchMethodError'{0x0000000091f16e88}: 'int java.lang.invoke.DirectMethodHandle$Holder.invokeStaticInit(java.lang.Object)'> (0x0000000091f16e88) thrown at [./src/hotspot/share/interpreter/linkResolver.cpp, line 773]
Event: 6.968 Thread 0x00000235773d2000 Exception <a 'sun/nio/fs/WindowsException'{0x0000000091e990f0}> (0x0000000091e990f0) thrown at [./src/hotspot/share/prims/jni.cpp, line 615]
Event: 7.001 Thread 0x00000235773d1000 Exception <a 'sun/nio/fs/WindowsException'{0x0000000091405d40}> (0x0000000091405d40) thrown at [./src/hotspot/share/prims/jni.cpp, line 615]
Event: 7.408 Thread 0x00000235773d2000 Exception <a 'sun/nio/fs/WindowsException'{0x0000000092d66280}> (0x0000000092d66280) thrown at [./src/hotspot/share/prims/jni.cpp, line 615]
Event: 7.410 Thread 0x00000235773d2000 Exception <a 'sun/nio/fs/WindowsException'{0x0000000092d66428}> (0x0000000092d66428) thrown at [./src/hotspot/share/prims/jni.cpp, line 615]
Event: 8.974 Thread 0x00000235773d1000 Implicit null exception at 0x0000023563e2ae11 to 0x0000023563e2afb0

Events (20 events):
Event: 6.965 loading class org/gradle/api/internal/file/archive/impl/FileZipInput$1$1 done
Event: 6.970 loading class org/gradle/internal/classpath/ClasspathWalker$ZipClasspathEntry
Event: 6.970 loading class org/gradle/internal/classpath/ClasspathWalker$ZipClasspathEntry done
Event: 6.971 loading class org/gradle/api/internal/file/archive/impl/JdkZipEntry$1
Event: 6.971 loading class org/gradle/api/internal/file/archive/impl/JdkZipEntry$1 done
Event: 7.036 loading class org/objectweb/asm/TypeReference
Event: 7.036 loading class org/objectweb/asm/TypeReference done
Event: 7.036 loading class org/objectweb/asm/TypePath
Event: 7.036 loading class org/objectweb/asm/TypePath done
Event: 7.071 Executing VM operation: G1CollectForAllocation
Event: 7.082 Executing VM operation: G1CollectForAllocation done
Event: 7.255 Loaded shared library C:\Program Files\Android\Android Studio\jre\bin\zip.dll
Event: 7.407 Executing VM operation: RevokeBias
Event: 7.407 Executing VM operation: RevokeBias done
Event: 8.223 Executing VM operation: G1CollectForAllocation
Event: 8.230 Executing VM operation: G1CollectForAllocation done
Event: 9.206 Executing VM operation: ICBufferFull
Event: 9.206 Executing VM operation: ICBufferFull done
Event: 9.417 Executing VM operation: G1CollectForAllocation
Event: 9.427 Executing VM operation: G1CollectForAllocation done


Dynamic libraries:
0x00007ff728d80000 - 0x00007ff728d8a000 	C:\Program Files\Android\Android Studio\jre\bin\java.exe
0x00007ffb3ec50000 - 0x00007ffb3ee45000 	C:\Windows\SYSTEM32\ntdll.dll
0x00007ffb3d690000 - 0x00007ffb3d74e000 	C:\Windows\System32\KERNEL32.DLL
0x00007ffb3c540000 - 0x00007ffb3c808000 	C:\Windows\System32\KERNELBASE.dll
0x00007ffb3c410000 - 0x00007ffb3c510000 	C:\Windows\System32\ucrtbase.dll
0x00007ffb1ed10000 - 0x00007ffb1ed29000 	C:\Program Files\Android\Android Studio\jre\bin\jli.dll
0x00007ffb1daf0000 - 0x00007ffb1db07000 	C:\Program Files\Android\Android Studio\jre\bin\VCRUNTIME140.dll
0x00007ffb3e8e0000 - 0x00007ffb3ea80000 	C:\Windows\System32\USER32.dll
0x00007ffb3c8b0000 - 0x00007ffb3c8d2000 	C:\Windows\System32\win32u.dll
0x00007ffb262c0000 - 0x00007ffb2655a000 	C:\Windows\WinSxS\amd64_microsoft.windows.common-controls_6595b64144ccf1df_6.0.19041.1110_none_60b5254171f9507e\COMCTL32.dll
0x00007ffb3d660000 - 0x00007ffb3d68b000 	C:\Windows\System32\GDI32.dll
0x00007ffb3c9e0000 - 0x00007ffb3caed000 	C:\Windows\System32\gdi32full.dll
0x00007ffb3e360000 - 0x00007ffb3e3fe000 	C:\Windows\System32\msvcrt.dll
0x00007ffb3c810000 - 0x00007ffb3c8ad000 	C:\Windows\System32\msvcp_win.dll
0x00007ffb3e400000 - 0x00007ffb3e430000 	C:\Windows\System32\IMM32.DLL
0x00007ffae3170000 - 0x00007ffae320d000 	C:\Program Files\Android\Android Studio\jre\bin\msvcp140.dll
0x00007ffae34a0000 - 0x00007ffae3f75000 	C:\Program Files\Android\Android Studio\jre\bin\server\jvm.dll
0x00007ffb3d4f0000 - 0x00007ffb3d59e000 	C:\Windows\System32\ADVAPI32.dll
0x00007ffb3eb60000 - 0x00007ffb3ebfc000 	C:\Windows\System32\sechost.dll
0x00007ffb3e440000 - 0x00007ffb3e565000 	C:\Windows\System32\RPCRT4.dll
0x00007ffb3ec00000 - 0x00007ffb3ec08000 	C:\Windows\System32\PSAPI.DLL
0x00007ffb30d30000 - 0x00007ffb30d57000 	C:\Windows\SYSTEM32\WINMM.dll
0x00007ffb23630000 - 0x00007ffb23639000 	C:\Windows\SYSTEM32\WSOCK32.dll
0x00007ffb32910000 - 0x00007ffb3291a000 	C:\Windows\SYSTEM32\VERSION.dll
0x00007ffb3d880000 - 0x00007ffb3d8eb000 	C:\Windows\System32\WS2_32.dll
0x00007ffb3a230000 - 0x00007ffb3a242000 	C:\Windows\SYSTEM32\kernel.appcore.dll
0x00007ffb38030000 - 0x00007ffb38041000 	C:\Program Files\Android\Android Studio\jre\bin\verify.dll
0x00007ffb2ea10000 - 0x00007ffb2ebf4000 	C:\Windows\SYSTEM32\DBGHELP.DLL
0x00007ffb2e9e0000 - 0x00007ffb2ea0c000 	C:\Windows\SYSTEM32\dbgcore.DLL
0x00007ffb3c950000 - 0x00007ffb3c9d2000 	C:\Windows\System32\bcryptPrimitives.dll
0x00007ffb37300000 - 0x00007ffb37329000 	C:\Program Files\Android\Android Studio\jre\bin\java.dll
0x00007ffb38020000 - 0x00007ffb3802b000 	C:\Program Files\Android\Android Studio\jre\bin\jimage.dll
0x00007ffb37fc0000 - 0x00007ffb37fd8000 	C:\Program Files\Android\Android Studio\jre\bin\zip.dll
0x00007ffb3dc10000 - 0x00007ffb3e354000 	C:\Windows\System32\SHELL32.dll
0x00007ffb3a430000 - 0x00007ffb3abc4000 	C:\Windows\SYSTEM32\windows.storage.dll
0x00007ffb3e580000 - 0x00007ffb3e8d5000 	C:\Windows\System32\combase.dll
0x00007ffb3bcd0000 - 0x00007ffb3bcfe000 	C:\Windows\SYSTEM32\Wldp.dll
0x00007ffb3cf10000 - 0x00007ffb3cfbd000 	C:\Windows\System32\SHCORE.dll
0x00007ffb3d600000 - 0x00007ffb3d655000 	C:\Windows\System32\shlwapi.dll
0x00007ffb3c2a0000 - 0x00007ffb3c2bf000 	C:\Windows\SYSTEM32\profapi.dll
0x00007ffb30d10000 - 0x00007ffb30d2a000 	C:\Program Files\Android\Android Studio\jre\bin\net.dll
0x00007ffb35100000 - 0x00007ffb3520c000 	C:\Windows\SYSTEM32\WINHTTP.dll
0x00007ffb3bab0000 - 0x00007ffb3bb1a000 	C:\Windows\system32\mswsock.dll
0x00007ffb30cf0000 - 0x00007ffb30d04000 	C:\Program Files\Android\Android Studio\jre\bin\nio.dll
0x00007ffb16ae0000 - 0x00007ffb16b07000 	C:\Users\danie\.gradle\native\8bec1ad78214c89d9ad589b4d07fe93259594b29d510b10fafb7a158f7737e5d\windows-amd64\native-platform.dll
0x00007ffae3210000 - 0x00007ffae334d000 	C:\Users\danie\.gradle\native\53dbd7edfb1c66fb8903c78663c9afc45aea4f116125fa6feffd364cf09443e8\windows-amd64\native-platform-file-events.dll
0x00007ffb37380000 - 0x00007ffb3738a000 	C:\Program Files\Android\Android Studio\jre\bin\management.dll
0x00007ffb372f0000 - 0x00007ffb372fd000 	C:\Program Files\Android\Android Studio\jre\bin\management_ext.dll
0x00007ffb3bd10000 - 0x00007ffb3bd28000 	C:\Windows\SYSTEM32\CRYPTSP.dll
0x00007ffb3b3e0000 - 0x00007ffb3b414000 	C:\Windows\system32\rsaenh.dll
0x00007ffb3c510000 - 0x00007ffb3c537000 	C:\Windows\System32\bcrypt.dll
0x00007ffb3c260000 - 0x00007ffb3c28e000 	C:\Windows\SYSTEM32\USERENV.dll
0x00007ffb3bc40000 - 0x00007ffb3bc4c000 	C:\Windows\SYSTEM32\CRYPTBASE.dll
0x00007ffb3b770000 - 0x00007ffb3b7ab000 	C:\Windows\SYSTEM32\IPHLPAPI.DLL
0x00007ffb3e570000 - 0x00007ffb3e578000 	C:\Windows\System32\NSI.dll
0x00007ffb35b50000 - 0x00007ffb35b67000 	C:\Windows\SYSTEM32\dhcpcsvc6.DLL
0x00007ffb35b30000 - 0x00007ffb35b4d000 	C:\Windows\SYSTEM32\dhcpcsvc.DLL
0x00007ffb3b7c0000 - 0x00007ffb3b88b000 	C:\Windows\SYSTEM32\DNSAPI.dll

dbghelp: loaded successfully - version: 4.0.5 - missing functions: none
symbol engine: initialized successfully - sym options: 0x614 - pdb path: .;C:\Program Files\Android\Android Studio\jre\bin;C:\Windows\SYSTEM32;C:\Windows\WinSxS\amd64_microsoft.windows.common-controls_6595b64144ccf1df_6.0.19041.1110_none_60b5254171f9507e;C:\Program Files\Android\Android Studio\jre\bin\server;C:\Users\danie\.gradle\native\8bec1ad78214c89d9ad589b4d07fe93259594b29d510b10fafb7a158f7737e5d\windows-amd64;C:\Users\danie\.gradle\native\53dbd7edfb1c66fb8903c78663c9afc45aea4f116125fa6feffd364cf09443e8\windows-amd64

VM Arguments:
jvm_args: --add-opens=java.base/java.util=ALL-UNNAMED --add-opens=java.base/java.lang=ALL-UNNAMED --add-opens=java.base/java.lang.invoke=ALL-UNNAMED --add-opens=java.base/java.util=ALL-UNNAMED --add-opens=java.prefs/java.util.prefs=ALL-UNNAMED --add-opens=java.prefs/java.util.prefs=ALL-UNNAMED --add-opens=java.base/java.nio.charset=ALL-UNNAMED --add-opens=java.base/java.net=ALL-UNNAMED --add-opens=java.base/java.util.concurrent.atomic=ALL-UNNAMED -Xmx2048m -Dfile.encoding=UTF-8 -Duser.country=CO -Duser.language=es -Duser.variant 
java_command: org.gradle.launcher.daemon.bootstrap.GradleDaemon 7.0.2
java_class_path (initial): C:\Users\danie\.gradle\wrapper\dists\gradle-7.0.2-bin\857tjihv64xamwrf0h14cai3r\gradle-7.0.2\lib\gradle-launcher-7.0.2.jar
Launcher Type: SUN_STANDARD

[Global flags]
     intx CICompilerCount                          = 4                                         {product} {ergonomic}
     uint ConcGCThreads                            = 2                                         {product} {ergonomic}
     uint G1ConcRefinementThreads                  = 8                                         {product} {ergonomic}
   size_t G1HeapRegionSize                         = 1048576                                   {product} {ergonomic}
    uintx GCDrainStackTargetSize                   = 64                                        {product} {ergonomic}
   size_t InitialHeapSize                          = 402653184                                 {product} {ergonomic}
   size_t MarkStackSize                            = 4194304                                   {product} {ergonomic}
   size_t MaxHeapSize                              = 2147483648                                {product} {command line}
   size_t MaxNewSize                               = 1287651328                                {product} {ergonomic}
   size_t MinHeapDeltaBytes                        = 1048576                                   {product} {ergonomic}
    uintx NonNMethodCodeHeapSize                   = 5836300                                {pd product} {ergonomic}
    uintx NonProfiledCodeHeapSize                  = 122910970                              {pd product} {ergonomic}
    uintx ProfiledCodeHeapSize                     = 122910970                              {pd product} {ergonomic}
    uintx ReservedCodeCacheSize                    = 251658240                              {pd product} {ergonomic}
     bool SegmentedCodeCache                       = true                                      {product} {ergonomic}
     bool UseCompressedClassPointers               = true                                 {lp64_product} {ergonomic}
     bool UseCompressedOops                        = true                                 {lp64_product} {ergonomic}
     bool UseG1GC                                  = true                                      {product} {ergonomic}
     bool UseLargePagesIndividualAllocation        = false                                  {pd product} {ergonomic}

Logging:
Log output configuration:
 #0: stdout all=warning uptime,level,tags
 #1: stderr all=off uptime,level,tags

Environment Variables:
JAVA_HOME=C:\Program Files\Java\jdk1.8.0_301
PATH=C:\Program Files\nodejs\default;C:\Program Files\nodejs;C:\Program Files (x86)\Common Files\Oracle\Java\javapath;C:\Python27\;C:\Python27\Scripts;C:\Windows\system32;C:\Windows;C:\Windows\System32\Wbem;C:\Windows\System32\WindowsPowerShell\v1.0\;C:\Windows\System32\OpenSSH\;C:\Program Files (x86)\NVIDIA Corporation\PhysX\Common;C:\Program Files\NVIDIA Corporation\NVIDIA NvDLISR;C:\ProgramData\chocolatey\bin;C:\Program Files\Java\jdk1.8.0_301\bin;C:\Program Files\Java\jdk1.8.0_301\bin;C:\Program Files\gradle-5.6.3\bin;C:\Users\danie\AppData\Local\Android\Sdk\platform-tools;C:\Users\danie\AppData\Local\Android\Sdk\tools;C:\Users\danie\AppData\Local\Android\Sdk\build-tools;C:\Users\danie\AppData\Local\Android\Sdk;C:\Users\danie\AppData\Local\Android\Sdk\platforms;C:\Program Files\Git\cmd;C:\Users\danie\scoop\apps\oh-my-posh\current\bin;C:\Users\danie\scoop\shims;C:\Users\danie\AppData\Local\Microsoft\WindowsApps;C:\Users\danie\AppData\Local\Programs\Microsoft VS Code\bin;C:\Program Files\JetBrains\IntelliJ IDEA Community Edition 2021.2\bin;C:\Program Files\Java\jdk1.8.0_301;C:\Users\danie\AppData\Roaming\npm;C:\Users\danie\scoop\apps\oh-my-posh\current\bin;C:\Users\danie\scoop\shims;C:\Users\danie\AppData\Local\Microsoft\WindowsApps;C:\Users\danie\AppData\Local\Programs\Microsoft VS Code\bin;C:\Program Files\JetBrains\IntelliJ IDEA Community Edition 2021.2\bin;C:\Program Files\Java\jdk1.8.0_301;C:\Users\danie\AppData\Roaming\npm;
USERNAME=danie
OS=Windows_NT
PROCESSOR_IDENTIFIER=AMD64 Family 23 Model 24 Stepping 1, AuthenticAMD



---------------  S Y S T E M  ---------------

OS: Windows 10 , 64 bit Build 19041 (10.0.19041.1503)
OS uptime: 0 days 1:15 hours
Hyper-V role detected

CPU:total 8 (initial active 8) (8 cores per cpu, 2 threads per core) family 23 model 24 stepping 1 microcode 0x0, cmov, cx8, fxsr, mmx, sse, sse2, sse3, ssse3, sse4.1, sse4.2, popcnt, avx, avx2, aes, clmul, mmxext, 3dnowpref, lzcnt, sse4a, ht, tsc, tscinvbit, tscinv, bmi1, bmi2, adx, s

Memory: 4k page, system-wide physical 24524M (13376M free)
TotalPageFile size 26060M (AvailPageFile size 10783M)
current process WorkingSet (physical memory assigned to process): 510M, peak: 514M
current process commit charge ("private bytes"): 641M, peak: 645M

vm_info: OpenJDK 64-Bit Server VM (11.0.11+9-b60-7590822) for windows-amd64 JRE (11.0.11+9-b60-7590822), built on Jul 29 2021 21:43:44 by "builder" with MS VC++ 14.0 (VS2015)

END.
